TN:
SF:src\hooks\useAriaAnnouncer.ts
FN:10,useAriaAnnouncer
FN:12,(anonymous_1)
FN:38,(anonymous_2)
FN:46,(anonymous_3)
FN:50,(anonymous_4)
FN:66,(anonymous_5)
FN:76,(anonymous_6)
FN:84,(anonymous_7)
FN:92,(anonymous_8)
FN:100,(anonymous_9)
FN:109,(anonymous_10)
FN:116,(anonymous_11)
FN:117,(anonymous_12)
FNF:13
FNH:0
FNDA:0,useAriaAnnouncer
FNDA:0,(anonymous_1)
FNDA:0,(anonymous_2)
FNDA:0,(anonymous_3)
FNDA:0,(anonymous_4)
FNDA:0,(anonymous_5)
FNDA:0,(anonymous_6)
FNDA:0,(anonymous_7)
FNDA:0,(anonymous_8)
FNDA:0,(anonymous_9)
FNDA:0,(anonymous_10)
FNDA:0,(anonymous_11)
FNDA:0,(anonymous_12)
DA:3,0
DA:10,0
DA:12,0
DA:13,0
DA:15,0
DA:16,0
DA:17,0
DA:18,0
DA:19,0
DA:20,0
DA:30,0
DA:33,0
DA:37,0
DA:38,0
DA:39,0
DA:40,0
DA:43,0
DA:46,0
DA:47,0
DA:50,0
DA:51,0
DA:55,0
DA:56,0
DA:58,0
DA:65,0
DA:67,0
DA:75,0
DA:77,0
DA:83,0
DA:85,0
DA:91,0
DA:93,0
DA:99,0
DA:101,0
DA:102,0
DA:108,0
DA:110,0
DA:116,0
DA:117,0
DA:118,0
DA:119,0
DA:120,0
DA:125,0
LF:43
LH:0
BRDA:15,0,0,0
BRDA:15,0,1,0
BRDA:38,1,0,0
BRDA:38,1,1,0
BRDA:39,2,0,0
BRDA:39,2,1,0
BRDA:39,3,0,0
BRDA:39,3,1,0
BRDA:55,4,0,0
BRDA:55,4,1,0
BRDA:101,5,0,0
BRDA:101,5,1,0
BRDA:119,6,0,0
BRDA:119,6,1,0
BRF:14
BRH:0
end_of_record
TN:
SF:src\hooks\useAuth.ts
FN:19,useAuth
FN:29,(anonymous_14)
FN:30,(anonymous_15)
FN:30,(anonymous_16)
FN:63,(anonymous_18)
FN:67,(anonymous_19)
FN:67,(anonymous_20)
FN:88,(anonymous_22)
FN:115,(anonymous_25)
FN:115,(anonymous_26)
FN:128,(anonymous_28)
FNF:11
FNH:0
FNDA:0,useAuth
FNDA:0,(anonymous_14)
FNDA:0,(anonymous_15)
FNDA:0,(anonymous_16)
FNDA:0,(anonymous_18)
FNDA:0,(anonymous_19)
FNDA:0,(anonymous_20)
FNDA:0,(anonymous_22)
FNDA:0,(anonymous_25)
FNDA:0,(anonymous_26)
FNDA:0,(anonymous_28)
DA:3,1
DA:4,1
DA:13,1
DA:14,1
DA:16,1
DA:17,1
DA:19,1
DA:20,0
DA:21,0
DA:23,0
DA:24,0
DA:27,0
DA:29,0
DA:30,0
DA:31,0
DA:32,0
DA:35,0
DA:37,0
DA:38,0
DA:39,0
DA:41,0
DA:43,0
DA:44,0
DA:45,0
DA:46,0
DA:48,0
DA:51,0
DA:52,0
DA:54,0
DA:58,0
DA:59,0
DA:63,0
DA:67,0
DA:68,0
DA:74,0
DA:76,0
DA:77,0
DA:79,0
DA:80,0
DA:88,0
DA:89,0
DA:90,0
DA:91,0
DA:92,0
DA:97,0
DA:99,0
DA:100,0
DA:101,0
DA:103,0
DA:104,0
DA:111,0
DA:115,0
DA:117,0
DA:118,0
DA:120,0
DA:128,0
DA:130,0
DA:131,0
DA:133,0
DA:140,0
LF:60
LH:7
BRDA:35,0,0,0
BRDA:35,0,1,0
BRDA:38,1,0,0
BRDA:38,1,1,0
BRDA:44,2,0,0
BRDA:44,2,1,0
BRDA:82,3,0,0
BRDA:82,3,1,0
BRDA:111,4,0,0
BRDA:89,5,0,0
BRDA:89,5,1,0
BRDA:91,6,0,0
BRDA:91,6,1,0
BRDA:97,7,0,0
BRDA:97,7,1,0
BRDA:106,8,0,0
BRDA:106,8,1,0
BRDA:122,9,0,0
BRDA:122,9,1,0
BRDA:135,10,0,0
BRDA:135,10,1,0
BRF:21
BRH:0
end_of_record
TN:
SF:src\hooks\useChallengeTracker.ts
FN:75,useChallengeTracker
FN:87,(anonymous_3)
FN:90,(anonymous_4)
FN:118,(anonymous_5)
FN:192,(anonymous_6)
FN:207,(anonymous_7)
FN:216,(anonymous_8)
FN:231,(anonymous_9)
FN:240,(anonymous_10)
FN:243,(anonymous_11)
FN:260,(anonymous_12)
FN:301,(anonymous_13)
FN:315,(anonymous_14)
FN:324,(anonymous_15)
FN:327,(anonymous_16)
FN:349,(anonymous_17)
FN:404,(anonymous_18)
FN:418,(anonymous_19)
FNF:18
FNH:0
FNDA:0,useChallengeTracker
FNDA:0,(anonymous_3)
FNDA:0,(anonymous_4)
FNDA:0,(anonymous_5)
FNDA:0,(anonymous_6)
FNDA:0,(anonymous_7)
FNDA:0,(anonymous_8)
FNDA:0,(anonymous_9)
FNDA:0,(anonymous_10)
FNDA:0,(anonymous_11)
FNDA:0,(anonymous_12)
FNDA:0,(anonymous_13)
FNDA:0,(anonymous_14)
FNDA:0,(anonymous_15)
FNDA:0,(anonymous_16)
FNDA:0,(anonymous_17)
FNDA:0,(anonymous_18)
FNDA:0,(anonymous_19)
DA:3,0
DA:4,0
DA:5,0
DA:11,0
DA:12,0
DA:34,0
DA:58,0
DA:59,0
DA:75,0
DA:76,0
DA:77,0
DA:78,0
DA:79,0
DA:80,0
DA:81,0
DA:87,0
DA:88,0
DA:90,0
DA:91,0
DA:94,0
DA:95,0
DA:96,0
DA:97,0
DA:98,0
DA:99,0
DA:116,0
DA:118,0
DA:119,0
DA:121,0
DA:124,0
DA:125,0
DA:127,0
DA:128,0
DA:130,0
DA:131,0
DA:133,0
DA:134,0
DA:136,0
DA:137,0
DA:178,0
DA:182,0
DA:183,0
DA:192,0
DA:193,0
DA:198,0
DA:199,0
DA:203,0
DA:207,0
DA:208,0
DA:211,0
DA:212,0
DA:213,0
DA:215,0
DA:218,0
DA:219,0
DA:220,0
DA:223,0
DA:224,0
DA:227,0
DA:228,0
DA:232,0
DA:240,0
DA:241,0
DA:243,0
DA:244,0
DA:247,0
DA:248,0
DA:249,0
DA:250,0
DA:258,0
DA:260,0
DA:261,0
DA:263,0
DA:266,0
DA:267,0
DA:269,0
DA:270,0
DA:272,0
DA:273,0
DA:287,0
DA:291,0
DA:292,0
DA:301,0
DA:302,0
DA:307,0
DA:308,0
DA:312,0
DA:315,0
DA:316,0
DA:324,0
DA:325,0
DA:327,0
DA:328,0
DA:331,0
DA:332,0
DA:333,0
DA:334,0
DA:335,0
DA:347,0
DA:349,0
DA:350,0
DA:352,0
DA:355,0
DA:356,0
DA:358,0
DA:359,0
DA:361,0
DA:362,0
DA:390,0
DA:394,0
DA:395,0
DA:404,0
DA:405,0
DA:410,0
DA:411,0
DA:415,0
DA:418,0
DA:419,0
LF:118
LH:0
BRDA:88,0,0,0
BRDA:88,0,1,0
BRDA:88,1,0,0
BRDA:88,1,1,0
BRDA:88,1,2,0
BRDA:91,2,0,0
BRDA:91,2,1,0
BRDA:121,3,0,0
BRDA:121,3,1,0
BRDA:121,3,2,0
BRDA:121,3,3,0
BRDA:121,3,4,0
BRDA:121,3,5,0
BRDA:182,4,0,0
BRDA:182,4,1,0
BRDA:182,5,0,0
BRDA:182,5,1,0
BRDA:198,6,0,0
BRDA:198,6,1,0
BRDA:208,7,0,0
BRDA:208,7,1,0
BRDA:213,8,0,0
BRDA:213,8,1,0
BRDA:218,9,0,0
BRDA:218,9,1,0
BRDA:223,10,0,0
BRDA:223,10,1,0
BRDA:227,11,0,0
BRDA:227,11,1,0
BRDA:241,12,0,0
BRDA:241,12,1,0
BRDA:241,13,0,0
BRDA:241,13,1,0
BRDA:241,13,2,0
BRDA:241,13,3,0
BRDA:244,14,0,0
BRDA:244,14,1,0
BRDA:263,15,0,0
BRDA:263,15,1,0
BRDA:263,15,2,0
BRDA:263,15,3,0
BRDA:291,16,0,0
BRDA:291,16,1,0
BRDA:291,17,0,0
BRDA:291,17,1,0
BRDA:307,18,0,0
BRDA:307,18,1,0
BRDA:325,19,0,0
BRDA:325,19,1,0
BRDA:325,20,0,0
BRDA:325,20,1,0
BRDA:325,20,2,0
BRDA:325,20,3,0
BRDA:328,21,0,0
BRDA:328,21,1,0
BRDA:352,22,0,0
BRDA:352,22,1,0
BRDA:352,22,2,0
BRDA:352,22,3,0
BRDA:394,23,0,0
BRDA:394,23,1,0
BRDA:394,24,0,0
BRDA:394,24,1,0
BRDA:410,25,0,0
BRDA:410,25,1,0
BRF:65
BRH:0
end_of_record
TN:
SF:src\hooks\useChallenges.ts
FN:24,useChallenges
FN:34,(anonymous_16)
FN:49,(anonymous_17)
FN:50,(anonymous_18)
FN:57,(anonymous_19)
FN:64,(anonymous_20)
FN:68,(anonymous_21)
FN:68,(anonymous_22)
FN:89,(anonymous_24)
FN:89,(anonymous_25)
FN:108,(anonymous_27)
FN:108,(anonymous_28)
FN:133,useAchievements
FN:143,(anonymous_31)
FN:158,(anonymous_32)
FN:159,(anonymous_33)
FN:166,(anonymous_34)
FN:173,(anonymous_35)
FN:177,(anonymous_36)
FN:177,(anonymous_37)
FN:206,useUserProgress
FN:216,(anonymous_40)
FN:231,(anonymous_41)
FN:243,(anonymous_42)
FN:250,(anonymous_43)
FN:254,(anonymous_44)
FN:254,(anonymous_45)
FN:295,(anonymous_47)
FN:295,(anonymous_48)
FNF:29
FNH:0
FNDA:0,useChallenges
FNDA:0,(anonymous_16)
FNDA:0,(anonymous_17)
FNDA:0,(anonymous_18)
FNDA:0,(anonymous_19)
FNDA:0,(anonymous_20)
FNDA:0,(anonymous_21)
FNDA:0,(anonymous_22)
FNDA:0,(anonymous_24)
FNDA:0,(anonymous_25)
FNDA:0,(anonymous_27)
FNDA:0,(anonymous_28)
FNDA:0,useAchievements
FNDA:0,(anonymous_31)
FNDA:0,(anonymous_32)
FNDA:0,(anonymous_33)
FNDA:0,(anonymous_34)
FNDA:0,(anonymous_35)
FNDA:0,(anonymous_36)
FNDA:0,(anonymous_37)
FNDA:0,useUserProgress
FNDA:0,(anonymous_40)
FNDA:0,(anonymous_41)
FNDA:0,(anonymous_42)
FNDA:0,(anonymous_43)
FNDA:0,(anonymous_44)
FNDA:0,(anonymous_45)
FNDA:0,(anonymous_47)
FNDA:0,(anonymous_48)
DA:3,0
DA:4,0
DA:17,0
DA:18,0
DA:19,0
DA:20,0
DA:24,0
DA:25,0
DA:26,0
DA:27,0
DA:29,0
DA:34,0
DA:35,0
DA:36,0
DA:37,0
DA:38,0
DA:41,0
DA:47,0
DA:50,0
DA:54,0
DA:55,0
DA:58,0
DA:59,0
DA:60,0
DA:64,0
DA:67,0
DA:68,0
DA:69,0
DA:72,0
DA:76,0
DA:78,0
DA:79,0
DA:88,0
DA:89,0
DA:91,0
DA:95,0
DA:97,0
DA:98,0
DA:107,0
DA:108,0
DA:110,0
DA:111,0
DA:113,0
DA:114,0
DA:123,0
DA:133,0
DA:134,0
DA:135,0
DA:136,0
DA:138,0
DA:143,0
DA:144,0
DA:145,0
DA:146,0
DA:147,0
DA:150,0
DA:156,0
DA:159,0
DA:163,0
DA:164,0
DA:167,0
DA:168,0
DA:169,0
DA:173,0
DA:176,0
DA:177,0
DA:178,0
DA:181,0
DA:186,0
DA:188,0
DA:189,0
DA:198,0
DA:206,0
DA:207,0
DA:208,0
DA:209,0
DA:211,0
DA:216,0
DA:217,0
DA:218,0
DA:219,0
DA:220,0
DA:223,0
DA:229,0
DA:232,0
DA:233,0
DA:237,0
DA:239,0
DA:241,0
DA:244,0
DA:245,0
DA:246,0
DA:250,0
DA:253,0
DA:254,0
DA:255,0
DA:258,0
DA:260,0
DA:266,0
DA:280,0
DA:282,0
DA:284,0
DA:285,0
DA:294,0
DA:295,0
DA:296,0
DA:297,0
DA:300,0
DA:301,0
DA:304,0
DA:312,0
DA:314,0
DA:315,0
DA:324,0
LF:114
LH:0
BRDA:35,0,0,0
BRDA:35,0,1,0
BRDA:69,1,0,0
BRDA:69,1,1,0
BRDA:144,2,0,0
BRDA:144,2,1,0
BRDA:178,3,0,0
BRDA:178,3,1,0
BRDA:217,4,0,0
BRDA:217,4,1,0
BRDA:232,5,0,0
BRDA:232,5,1,0
BRDA:266,6,0,0
BRDA:266,6,1,0
BRDA:255,7,0,0
BRDA:255,7,1,0
BRDA:258,8,0,0
BRDA:258,8,1,0
BRDA:296,9,0,0
BRDA:296,9,1,0
BRDA:296,10,0,0
BRDA:296,10,1,0
BRF:22
BRH:0
end_of_record
TN:
SF:src\hooks\useCoachAnalytics.ts
FN:53,useCoachAnalytics
FN:64,(anonymous_16)
FN:70,(anonymous_17)
FN:76,(anonymous_20)
FN:109,(anonymous_21)
FN:129,(anonymous_22)
FN:148,(anonymous_23)
FN:165,(anonymous_24)
FN:174,(anonymous_25)
FN:179,(anonymous_26)
FN:182,(anonymous_27)
FN:186,(anonymous_28)
FN:191,(anonymous_29)
FN:194,(anonymous_30)
FN:233,(anonymous_31)
FNF:15
FNH:0
FNDA:0,useCoachAnalytics
FNDA:0,(anonymous_16)
FNDA:0,(anonymous_17)
FNDA:0,(anonymous_20)
FNDA:0,(anonymous_21)
FNDA:0,(anonymous_22)
FNDA:0,(anonymous_23)
FNDA:0,(anonymous_24)
FNDA:0,(anonymous_25)
FNDA:0,(anonymous_26)
FNDA:0,(anonymous_27)
FNDA:0,(anonymous_28)
FNDA:0,(anonymous_29)
FNDA:0,(anonymous_30)
FNDA:0,(anonymous_31)
DA:3,0
DA:4,0
DA:5,0
DA:53,0
DA:54,0
DA:55,0
DA:56,0
DA:57,0
DA:62,0
DA:64,0
DA:65,0
DA:66,0
DA:67,0
DA:70,0
DA:71,0
DA:72,0
DA:75,0
DA:79,0
DA:81,0
DA:83,0
DA:99,0
DA:107,0
DA:109,0
DA:110,0
DA:112,0
DA:113,0
DA:118,0
DA:119,0
DA:130,0
DA:137,0
DA:138,0
DA:148,0
DA:154,0
DA:155,0
DA:165,0
DA:173,0
DA:175,0
DA:178,0
DA:179,0
DA:181,0
DA:182,0
DA:185,0
DA:186,0
DA:189,0
DA:191,0
DA:194,0
DA:195,0
DA:196,0
DA:200,0
DA:203,0
DA:215,0
DA:220,0
DA:222,0
DA:223,0
DA:227,0
DA:230,0
DA:235,0
DA:236,0
LF:58
LH:0
BRDA:65,0,0,0
BRDA:65,0,1,0
BRDA:65,1,0,0
BRDA:65,1,1,0
BRDA:110,2,0,0
BRDA:110,2,1,0
BRDA:112,3,0,0
BRDA:112,3,1,0
BRDA:118,4,0,0
BRDA:118,4,1,0
BRDA:137,5,0,0
BRDA:137,5,1,0
BRDA:154,6,0,0
BRDA:154,6,1,0
BRDA:175,7,0,0
BRDA:175,7,1,0
BRDA:175,8,0,0
BRDA:175,8,1,0
BRDA:175,9,0,0
BRDA:175,9,1,0
BRDA:179,10,0,0
BRDA:179,10,1,0
BRDA:179,11,0,0
BRDA:179,11,1,0
BRDA:182,12,0,0
BRDA:182,12,1,0
BRDA:182,13,0,0
BRDA:182,13,1,0
BRDA:182,14,0,0
BRDA:182,14,1,0
BRDA:186,15,0,0
BRDA:186,15,1,0
BRDA:186,16,0,0
BRDA:186,16,1,0
BRDA:186,17,0,0
BRDA:186,17,1,0
BRDA:191,18,0,0
BRDA:191,18,1,0
BRDA:191,19,0,0
BRDA:191,19,1,0
BRDA:191,20,0,0
BRDA:191,20,1,0
BRDA:195,21,0,0
BRDA:195,21,1,0
BRDA:195,22,0,0
BRDA:195,22,1,0
BRDA:195,23,0,0
BRDA:195,23,1,0
BRF:48
BRH:0
end_of_record
TN:
SF:src\hooks\useCoachAnalyticsEnhanced.ts
FN:121,useCoachAnalyticsEnhanced
FN:137,(anonymous_16)
FN:143,(anonymous_17)
FN:159,(anonymous_20)
FN:178,(anonymous_21)
FN:198,(anonymous_22)
FN:286,(anonymous_23)
FN:294,generateSimulatedAlerts
FN:297,(anonymous_25)
FN:323,(anonymous_26)
FN:344,(anonymous_27)
FN:364,(anonymous_28)
FN:370,(anonymous_29)
FN:374,calculateSimulatedTeamStats
FN:378,(anonymous_31)
FN:382,(anonymous_32)
FN:385,(anonymous_33)
FN:389,(anonymous_34)
FN:394,(anonymous_35)
FN:397,(anonymous_36)
FN:438,calculateImplementationStatus
FNF:21
FNH:0
FNDA:0,useCoachAnalyticsEnhanced
FNDA:0,(anonymous_16)
FNDA:0,(anonymous_17)
FNDA:0,(anonymous_20)
FNDA:0,(anonymous_21)
FNDA:0,(anonymous_22)
FNDA:0,(anonymous_23)
FNDA:0,generateSimulatedAlerts
FNDA:0,(anonymous_25)
FNDA:0,(anonymous_26)
FNDA:0,(anonymous_27)
FNDA:0,(anonymous_28)
FNDA:0,(anonymous_29)
FNDA:0,calculateSimulatedTeamStats
FNDA:0,(anonymous_31)
FNDA:0,(anonymous_32)
FNDA:0,(anonymous_33)
FNDA:0,(anonymous_34)
FNDA:0,(anonymous_35)
FNDA:0,(anonymous_36)
FNDA:0,calculateImplementationStatus
DA:3,0
DA:4,0
DA:5,0
DA:6,0
DA:121,0
DA:122,0
DA:123,0
DA:124,0
DA:125,0
DA:126,0
DA:128,0
DA:135,0
DA:137,0
DA:138,0
DA:139,0
DA:140,0
DA:143,0
DA:144,0
DA:145,0
DA:146,0
DA:151,0
DA:153,0
DA:154,0
DA:155,0
DA:157,0
DA:159,0
DA:178,0
DA:183,0
DA:198,0
DA:200,0
DA:202,0
DA:204,0
DA:247,0
DA:250,0
DA:254,0
DA:260,0
DA:267,0
DA:270,0
DA:272,0
DA:276,0
DA:280,0
DA:283,0
DA:287,0
DA:288,0
DA:295,0
DA:297,0
DA:298,0
DA:300,0
DA:303,0
DA:304,0
DA:309,0
DA:310,0
DA:323,0
DA:330,0
DA:331,0
DA:344,0
DA:350,0
DA:351,0
DA:364,0
DA:370,0
DA:377,0
DA:378,0
DA:381,0
DA:382,0
DA:384,0
DA:385,0
DA:388,0
DA:389,0
DA:393,0
DA:394,0
DA:397,0
DA:398,0
DA:399,0
DA:403,0
DA:406,0
DA:443,0
DA:444,0
DA:445,0
DA:448,0
DA:449,0
DA:451,0
DA:452,0
DA:454,0
DA:455,0
DA:457,0
DA:458,0
DA:460,0
DA:461,0
DA:463,0
DA:464,0
DA:466,0
DA:467,0
DA:472,0
DA:473,0
DA:475,0
DA:476,0
DA:480,0
DA:481,0
DA:482,0
DA:483,0
DA:484,0
DA:485,0
DA:488,0
DA:489,0
DA:492,0
DA:493,0
DA:496,0
DA:497,0
DA:498,0
DA:500,0
DA:502,0
LF:111
LH:0
BRDA:138,0,0,0
BRDA:138,0,1,0
BRDA:138,1,0,0
BRDA:138,1,1,0
BRDA:138,1,2,0
BRDA:151,2,0,0
BRDA:151,2,1,0
BRDA:157,3,0,0
BRDA:157,3,1,0
BRDA:161,4,0,0
BRDA:161,4,1,0
BRDA:257,5,0,0
BRDA:257,5,1,0
BRDA:257,6,0,0
BRDA:257,6,1,0
BRDA:298,7,0,0
BRDA:298,7,1,0
BRDA:303,8,0,0
BRDA:303,8,1,0
BRDA:309,9,0,0
BRDA:309,9,1,0
BRDA:330,10,0,0
BRDA:330,10,1,0
BRDA:350,11,0,0
BRDA:350,11,1,0
BRDA:378,12,0,0
BRDA:378,12,1,0
BRDA:378,13,0,0
BRDA:378,13,1,0
BRDA:378,14,0,0
BRDA:378,14,1,0
BRDA:382,15,0,0
BRDA:382,15,1,0
BRDA:382,16,0,0
BRDA:382,16,1,0
BRDA:385,17,0,0
BRDA:385,17,1,0
BRDA:385,18,0,0
BRDA:385,18,1,0
BRDA:385,19,0,0
BRDA:385,19,1,0
BRDA:389,20,0,0
BRDA:389,20,1,0
BRDA:389,21,0,0
BRDA:389,21,1,0
BRDA:389,22,0,0
BRDA:389,22,1,0
BRDA:394,23,0,0
BRDA:394,23,1,0
BRDA:394,24,0,0
BRDA:394,24,1,0
BRDA:394,25,0,0
BRDA:394,25,1,0
BRDA:398,26,0,0
BRDA:398,26,1,0
BRDA:398,27,0,0
BRDA:398,27,1,0
BRDA:398,28,0,0
BRDA:398,28,1,0
BRDA:448,29,0,0
BRDA:448,29,1,0
BRDA:448,30,0,0
BRDA:448,30,1,0
BRDA:451,31,0,0
BRDA:451,31,1,0
BRDA:454,32,0,0
BRDA:454,32,1,0
BRDA:457,33,0,0
BRDA:457,33,1,0
BRDA:460,34,0,0
BRDA:460,34,1,0
BRDA:463,35,0,0
BRDA:463,35,1,0
BRDA:466,36,0,0
BRDA:466,36,1,0
BRDA:472,37,0,0
BRDA:472,37,1,0
BRDA:475,38,0,0
BRDA:475,38,1,0
BRDA:488,39,0,0
BRDA:488,39,1,0
BRDA:500,40,0,0
BRDA:500,40,1,0
BRF:83
BRH:0
end_of_record
TN:
SF:src\hooks\useCoachRealAnalytics.ts
FN:129,useCoachRealAnalytics
FN:140,(anonymous_16)
FN:146,(anonymous_17)
FN:152,(anonymous_20)
FN:152,(anonymous_21)
FN:197,(anonymous_23)
FN:205,getRealAthleteStats
FN:223,(anonymous_27)
FN:236,(anonymous_28)
FN:249,(anonymous_29)
FN:262,(anonymous_30)
FN:269,(anonymous_31)
FN:273,(anonymous_32)
FN:277,(anonymous_33)
FN:281,(anonymous_34)
FN:285,(anonymous_35)
FN:304,(anonymous_36)
FN:308,(anonymous_37)
FN:325,(anonymous_38)
FN:328,(anonymous_39)
FN:377,getAthleteProgression
FN:390,(anonymous_43)
FN:406,(anonymous_44)
FN:413,(anonymous_45)
FN:425,(anonymous_46)
FN:429,(anonymous_47)
FN:444,getAthleteRecentActivity
FN:464,(anonymous_51)
FN:482,(anonymous_52)
FN:500,(anonymous_53)
FN:511,(anonymous_54)
FN:524,getAthleteCurrentGoals
FN:565,generateRealAlerts
FN:568,(anonymous_59)
FN:593,(anonymous_60)
FN:615,(anonymous_61)
FN:636,(anonymous_62)
FN:657,(anonymous_63)
FN:665,(anonymous_64)
FN:669,calculateRealTeamStats
FN:693,(anonymous_66)
FN:697,(anonymous_67)
FN:701,(anonymous_68)
FN:705,(anonymous_69)
FN:711,(anonymous_70)
FN:720,(anonymous_71)
FN:726,(anonymous_72)
FN:734,(anonymous_73)
FNF:48
FNH:0
FNDA:0,useCoachRealAnalytics
FNDA:0,(anonymous_16)
FNDA:0,(anonymous_17)
FNDA:0,(anonymous_20)
FNDA:0,(anonymous_21)
FNDA:0,(anonymous_23)
FNDA:0,getRealAthleteStats
FNDA:0,(anonymous_27)
FNDA:0,(anonymous_28)
FNDA:0,(anonymous_29)
FNDA:0,(anonymous_30)
FNDA:0,(anonymous_31)
FNDA:0,(anonymous_32)
FNDA:0,(anonymous_33)
FNDA:0,(anonymous_34)
FNDA:0,(anonymous_35)
FNDA:0,(anonymous_36)
FNDA:0,(anonymous_37)
FNDA:0,(anonymous_38)
FNDA:0,(anonymous_39)
FNDA:0,getAthleteProgression
FNDA:0,(anonymous_43)
FNDA:0,(anonymous_44)
FNDA:0,(anonymous_45)
FNDA:0,(anonymous_46)
FNDA:0,(anonymous_47)
FNDA:0,getAthleteRecentActivity
FNDA:0,(anonymous_51)
FNDA:0,(anonymous_52)
FNDA:0,(anonymous_53)
FNDA:0,(anonymous_54)
FNDA:0,getAthleteCurrentGoals
FNDA:0,generateRealAlerts
FNDA:0,(anonymous_59)
FNDA:0,(anonymous_60)
FNDA:0,(anonymous_61)
FNDA:0,(anonymous_62)
FNDA:0,(anonymous_63)
FNDA:0,(anonymous_64)
FNDA:0,calculateRealTeamStats
FNDA:0,(anonymous_66)
FNDA:0,(anonymous_67)
FNDA:0,(anonymous_68)
FNDA:0,(anonymous_69)
FNDA:0,(anonymous_70)
FNDA:0,(anonymous_71)
FNDA:0,(anonymous_72)
FNDA:0,(anonymous_73)
DA:3,0
DA:4,0
DA:5,0
DA:6,0
DA:16,0
DA:129,0
DA:130,0
DA:131,0
DA:132,0
DA:133,0
DA:138,0
DA:140,0
DA:141,0
DA:142,0
DA:143,0
DA:146,0
DA:148,0
DA:151,0
DA:152,0
DA:153,0
DA:154,0
DA:155,0
DA:156,0
DA:158,0
DA:170,0
DA:173,0
DA:175,0
DA:181,0
DA:183,0
DA:185,0
DA:187,0
DA:191,0
DA:194,0
DA:198,0
DA:199,0
DA:208,0
DA:209,0
DA:216,0
DA:222,0
DA:223,0
DA:229,0
DA:235,0
DA:236,0
DA:242,0
DA:248,0
DA:249,0
DA:255,0
DA:261,0
DA:262,0
DA:268,0
DA:269,0
DA:272,0
DA:273,0
DA:276,0
DA:277,0
DA:280,0
DA:281,0
DA:284,0
DA:285,0
DA:290,0
DA:291,0
DA:292,0
DA:293,0
DA:294,0
DA:295,0
DA:296,0
DA:297,0
DA:301,0
DA:302,0
DA:303,0
DA:304,0
DA:307,0
DA:308,0
DA:312,0
DA:317,0
DA:318,0
DA:320,0
DA:323,0
DA:325,0
DA:328,0
DA:330,0
DA:332,0
DA:352,0
DA:354,0
DA:357,0
DA:383,0
DA:389,0
DA:390,0
DA:396,0
DA:399,0
DA:405,0
DA:406,0
DA:412,0
DA:414,0
DA:415,0
DA:416,0
DA:418,0
DA:419,0
DA:424,0
DA:425,0
DA:429,0
DA:435,0
DA:437,0
DA:439,0
DA:452,0
DA:453,0
DA:456,0
DA:463,0
DA:464,0
DA:465,0
DA:466,0
DA:474,0
DA:481,0
DA:482,0
DA:483,0
DA:484,0
DA:492,0
DA:499,0
DA:500,0
DA:501,0
DA:502,0
DA:510,0
DA:511,0
DA:514,0
DA:516,0
DA:518,0
DA:532,0
DA:535,0
DA:556,0
DA:558,0
DA:560,0
DA:566,0
DA:568,0
DA:569,0
DA:571,0
DA:574,0
DA:575,0
DA:580,0
DA:581,0
DA:602,0
DA:603,0
DA:623,0
DA:624,0
DA:644,0
DA:645,0
DA:665,0
DA:670,0
DA:671,0
DA:692,0
DA:693,0
DA:696,0
DA:697,0
DA:700,0
DA:701,0
DA:704,0
DA:705,0
DA:710,0
DA:711,0
DA:712,0
DA:714,0
DA:715,0
DA:719,0
DA:720,0
DA:726,0
DA:728,0
DA:730,0
DA:733,0
DA:734,0
DA:736,0
DA:740,0
LF:170
LH:0
BRDA:141,0,0,0
BRDA:141,0,1,0
BRDA:141,1,0,0
BRDA:141,1,1,0
BRDA:153,2,0,0
BRDA:183,3,0,0
BRDA:183,3,1,0
BRDA:269,4,0,0
BRDA:269,4,1,0
BRDA:269,5,0,0
BRDA:269,5,1,0
BRDA:269,6,0,0
BRDA:269,6,1,0
BRDA:273,7,0,0
BRDA:273,7,1,0
BRDA:273,8,0,0
BRDA:273,8,1,0
BRDA:273,9,0,0
BRDA:273,9,1,0
BRDA:277,10,0,0
BRDA:277,10,1,0
BRDA:277,11,0,0
BRDA:277,11,1,0
BRDA:277,12,0,0
BRDA:277,12,1,0
BRDA:281,13,0,0
BRDA:281,13,1,0
BRDA:281,14,0,0
BRDA:281,14,1,0
BRDA:281,15,0,0
BRDA:281,15,1,0
BRDA:285,16,0,0
BRDA:285,16,1,0
BRDA:292,17,0,0
BRDA:292,17,1,0
BRDA:293,18,0,0
BRDA:293,18,1,0
BRDA:294,19,0,0
BRDA:294,19,1,0
BRDA:296,20,0,0
BRDA:296,20,1,0
BRDA:297,21,0,0
BRDA:297,21,1,0
BRDA:302,22,0,0
BRDA:302,22,1,0
BRDA:304,23,0,0
BRDA:304,23,1,0
BRDA:308,24,0,0
BRDA:308,24,1,0
BRDA:317,25,0,0
BRDA:317,25,1,0
BRDA:319,26,0,0
BRDA:319,26,1,0
BRDA:321,27,0,0
BRDA:321,27,1,0
BRDA:339,28,0,0
BRDA:339,28,1,0
BRDA:340,29,0,0
BRDA:340,29,1,0
BRDA:347,30,0,0
BRDA:347,30,1,0
BRDA:348,31,0,0
BRDA:348,31,1,0
BRDA:349,32,0,0
BRDA:349,32,1,0
BRDA:352,33,0,0
BRDA:352,33,1,0
BRDA:415,34,0,0
BRDA:415,34,1,0
BRDA:418,35,0,0
BRDA:418,35,1,0
BRDA:418,36,0,0
BRDA:418,36,1,0
BRDA:418,37,0,0
BRDA:418,37,1,0
BRDA:427,38,0,0
BRDA:427,38,1,0
BRDA:435,39,0,0
BRDA:435,39,1,0
BRDA:468,40,0,0
BRDA:468,40,1,0
BRDA:468,41,0,0
BRDA:468,41,1,0
BRDA:468,42,0,0
BRDA:468,42,1,0
BRDA:469,43,0,0
BRDA:469,43,1,0
BRDA:469,44,0,0
BRDA:469,44,1,0
BRDA:469,45,0,0
BRDA:469,45,1,0
BRDA:486,46,0,0
BRDA:486,46,1,0
BRDA:486,47,0,0
BRDA:486,47,1,0
BRDA:486,48,0,0
BRDA:486,48,1,0
BRDA:487,49,0,0
BRDA:487,49,1,0
BRDA:504,50,0,0
BRDA:504,50,1,0
BRDA:504,51,0,0
BRDA:504,51,1,0
BRDA:504,52,0,0
BRDA:504,52,1,0
BRDA:505,53,0,0
BRDA:505,53,1,0
BRDA:514,54,0,0
BRDA:514,54,1,0
BRDA:556,55,0,0
BRDA:556,55,1,0
BRDA:569,56,0,0
BRDA:569,56,1,0
BRDA:574,57,0,0
BRDA:574,57,1,0
BRDA:580,58,0,0
BRDA:580,58,1,0
BRDA:589,59,0,0
BRDA:589,59,1,0
BRDA:602,60,0,0
BRDA:602,60,1,0
BRDA:602,61,0,0
BRDA:602,61,1,0
BRDA:623,62,0,0
BRDA:623,62,1,0
BRDA:644,63,0,0
BRDA:644,63,1,0
BRDA:670,64,0,0
BRDA:670,64,1,0
BRDA:693,65,0,0
BRDA:693,65,1,0
BRDA:693,66,0,0
BRDA:693,66,1,0
BRDA:693,67,0,0
BRDA:693,67,1,0
BRDA:697,68,0,0
BRDA:697,68,1,0
BRDA:697,69,0,0
BRDA:697,69,1,0
BRDA:697,70,0,0
BRDA:697,70,1,0
BRDA:701,71,0,0
BRDA:701,71,1,0
BRDA:701,72,0,0
BRDA:701,72,1,0
BRDA:701,73,0,0
BRDA:701,73,1,0
BRDA:705,74,0,0
BRDA:705,74,1,0
BRDA:705,75,0,0
BRDA:705,75,1,0
BRDA:705,76,0,0
BRDA:705,76,1,0
BRDA:712,77,0,0
BRDA:712,77,1,0
BRDA:712,78,0,0
BRDA:712,78,1,0
BRDA:712,79,0,0
BRDA:712,79,1,0
BRDA:723,80,0,0
BRDA:723,80,1,0
BRDA:723,81,0,0
BRDA:723,81,1,0
BRDA:723,82,0,0
BRDA:723,82,1,0
BRDA:724,83,0,0
BRDA:724,83,1,0
BRDA:724,84,0,0
BRDA:724,84,1,0
BRDA:724,85,0,0
BRDA:724,85,1,0
BRDA:728,86,0,0
BRDA:728,86,1,0
BRDA:728,87,0,0
BRDA:728,87,1,0
BRDA:728,88,0,0
BRDA:728,88,1,0
BRDA:730,89,0,0
BRDA:730,89,1,0
BRDA:730,90,0,0
BRDA:730,90,1,0
BRDA:730,91,0,0
BRDA:730,91,1,0
BRDA:734,92,0,0
BRDA:734,92,1,0
BRDA:734,93,0,0
BRDA:734,93,1,0
BRF:187
BRH:0
end_of_record
TN:
SF:src\hooks\useEnergyBalance.ts
FN:47,useEnergyBalance
FN:53,(anonymous_3)
FN:59,(anonymous_4)
FN:80,(anonymous_5)
FN:87,(anonymous_6)
FNF:5
FNH:0
FNDA:0,useEnergyBalance
FNDA:0,(anonymous_3)
FNDA:0,(anonymous_4)
FNDA:0,(anonymous_5)
FNDA:0,(anonymous_6)
DA:1,0
DA:3,0
DA:47,0
DA:48,0
DA:49,0
DA:50,0
DA:51,0
DA:53,0
DA:55,0
DA:58,0
DA:59,0
DA:62,0
DA:65,0
DA:70,0
DA:75,0
DA:80,0
DA:86,0
DA:87,0
DA:97,0
DA:98,0
DA:99,0
DA:101,0
LF:22
LH:0
BRDA:55,0,0,0
BRDA:55,0,1,0
BRDA:59,1,0,0
BRDA:59,1,1,0
BRDA:65,2,0,0
BRDA:65,2,1,0
BRDA:65,3,0,0
BRDA:65,3,1,0
BRDA:65,4,0,0
BRDA:65,4,1,0
BRDA:70,5,0,0
BRDA:70,5,1,0
BRDA:71,6,0,0
BRDA:71,6,1,0
BRDA:82,7,0,0
BRDA:82,7,1,0
BRDA:88,8,0,0
BRDA:88,8,1,0
BRDA:88,9,0,0
BRDA:88,9,1,0
BRDA:88,10,0,0
BRDA:88,10,1,0
BRDA:89,11,0,0
BRDA:89,11,1,0
BRDA:89,12,0,0
BRDA:89,12,1,0
BRDA:89,13,0,0
BRDA:89,13,1,0
BRDA:90,14,0,0
BRDA:90,14,1,0
BRDA:90,15,0,0
BRDA:90,15,1,0
BRDA:90,16,0,0
BRDA:90,16,1,0
BRDA:91,17,0,0
BRDA:91,17,1,0
BRDA:91,18,0,0
BRDA:91,18,1,0
BRDA:91,19,0,0
BRDA:91,19,1,0
BRDA:97,20,0,0
BRDA:97,20,1,0
BRDA:97,20,2,0
BRDA:102,21,0,0
BRDA:102,21,1,0
BRDA:103,22,0,0
BRDA:103,22,1,0
BRDA:103,22,2,0
BRF:48
BRH:0
end_of_record
TN:
SF:src\hooks\useExportData.ts
FN:28,useExportData
FN:47,(anonymous_25)
FN:60,(anonymous_26)
FN:77,(anonymous_27)
FN:83,(anonymous_28)
FN:89,(anonymous_29)
FN:102,(anonymous_30)
FN:112,(anonymous_31)
FN:119,(anonymous_32)
FN:125,(anonymous_33)
FN:131,(anonymous_34)
FN:137,(anonymous_35)
FN:155,(anonymous_36)
FN:155,(anonymous_37)
FN:163,(anonymous_39)
FN:176,(anonymous_40)
FN:199,(anonymous_41)
FN:213,(anonymous_42)
FN:230,(anonymous_43)
FN:247,(anonymous_44)
FN:266,(anonymous_45)
FN:295,(anonymous_46)
FN:306,(anonymous_47)
FN:339,(anonymous_48)
FN:362,(anonymous_49)
FN:381,(anonymous_50)
FN:399,(anonymous_51)
FN:413,(anonymous_52)
FN:414,(anonymous_53)
FNF:29
FNH:0
FNDA:0,useExportData
FNDA:0,(anonymous_25)
FNDA:0,(anonymous_26)
FNDA:0,(anonymous_27)
FNDA:0,(anonymous_28)
FNDA:0,(anonymous_29)
FNDA:0,(anonymous_30)
FNDA:0,(anonymous_31)
FNDA:0,(anonymous_32)
FNDA:0,(anonymous_33)
FNDA:0,(anonymous_34)
FNDA:0,(anonymous_35)
FNDA:0,(anonymous_36)
FNDA:0,(anonymous_37)
FNDA:0,(anonymous_39)
FNDA:0,(anonymous_40)
FNDA:0,(anonymous_41)
FNDA:0,(anonymous_42)
FNDA:0,(anonymous_43)
FNDA:0,(anonymous_44)
FNDA:0,(anonymous_45)
FNDA:0,(anonymous_46)
FNDA:0,(anonymous_47)
FNDA:0,(anonymous_48)
FNDA:0,(anonymous_49)
FNDA:0,(anonymous_50)
FNDA:0,(anonymous_51)
FNDA:0,(anonymous_52)
FNDA:0,(anonymous_53)
DA:6,0
DA:7,0
DA:8,0
DA:9,0
DA:11,0
DA:15,0
DA:28,0
DA:29,0
DA:30,0
DA:32,0
DA:33,0
DA:34,0
DA:36,0
DA:44,0
DA:47,0
DA:48,0
DA:49,0
DA:50,0
DA:51,0
DA:59,0
DA:61,0
DA:62,0
DA:63,0
DA:66,0
DA:67,0
DA:68,0
DA:69,0
DA:73,0
DA:74,0
DA:75,0
DA:77,0
DA:79,0
DA:80,0
DA:83,0
DA:85,0
DA:86,0
DA:89,0
DA:90,0
DA:91,0
DA:96,0
DA:97,0
DA:102,0
DA:103,0
DA:107,0
DA:112,0
DA:113,0
DA:117,0
DA:118,0
DA:119,0
DA:123,0
DA:124,0
DA:125,0
DA:129,0
DA:130,0
DA:131,0
DA:135,0
DA:136,0
DA:137,0
DA:142,0
DA:154,0
DA:155,0
DA:156,0
DA:157,0
DA:158,0
DA:161,0
DA:163,0
DA:174,0
DA:176,0
DA:183,0
DA:199,0
DA:206,0
DA:211,0
DA:212,0
DA:213,0
DA:216,0
DA:222,0
DA:227,0
DA:229,0
DA:230,0
DA:233,0
DA:239,0
DA:244,0
DA:246,0
DA:247,0
DA:250,0
DA:258,0
DA:263,0
DA:265,0
DA:266,0
DA:269,0
DA:277,0
DA:282,0
DA:285,0
DA:289,0
DA:290,0
DA:291,0
DA:292,0
DA:295,0
DA:303,0
DA:304,0
DA:306,0
DA:338,0
DA:339,0
DA:340,0
DA:342,0
DA:353,0
DA:361,0
DA:362,0
DA:363,0
DA:372,0
DA:380,0
DA:381,0
DA:382,0
DA:391,0
DA:399,0
DA:400,0
DA:407,0
DA:413,0
DA:414,0
DA:417,0
LF:120
LH:0
BRDA:48,0,0,0
BRDA:48,0,1,0
BRDA:50,1,0,0
BRDA:50,1,1,0
BRDA:66,2,0,0
BRDA:66,2,1,0
BRDA:67,3,0,0
BRDA:67,3,1,0
BRDA:68,4,0,0
BRDA:68,4,1,0
BRDA:69,5,0,0
BRDA:69,5,1,0
BRDA:73,6,0,0
BRDA:73,6,1,0
BRDA:73,7,0,0
BRDA:73,7,1,0
BRDA:79,8,0,0
BRDA:79,8,1,0
BRDA:80,9,0,0
BRDA:80,9,1,0
BRDA:85,10,0,0
BRDA:85,10,1,0
BRDA:86,11,0,0
BRDA:86,11,1,0
BRDA:91,12,0,0
BRDA:91,12,1,0
BRDA:96,13,0,0
BRDA:96,13,1,0
BRDA:97,14,0,0
BRDA:97,14,1,0
BRDA:98,15,0,0
BRDA:98,15,1,0
BRDA:98,15,2,0
BRDA:107,16,0,0
BRDA:107,16,1,0
BRDA:108,17,0,0
BRDA:108,17,1,0
BRDA:108,17,2,0
BRDA:117,18,0,0
BRDA:117,18,1,0
BRDA:123,19,0,0
BRDA:123,19,1,0
BRDA:129,20,0,0
BRDA:129,20,1,0
BRDA:135,21,0,0
BRDA:135,21,1,0
BRDA:213,22,0,0
BRDA:213,22,1,0
BRDA:213,22,2,0
BRDA:213,22,3,0
BRDA:213,22,4,0
BRDA:156,23,0,0
BRDA:156,23,1,0
BRDA:161,24,0,0
BRDA:161,24,1,0
BRDA:161,25,0,0
BRDA:161,25,1,0
BRDA:161,25,2,0
BRDA:195,26,0,0
BRDA:195,26,1,0
BRDA:212,27,0,0
BRDA:212,27,1,0
BRDA:212,27,2,0
BRDA:212,27,3,0
BRDA:291,28,0,0
BRDA:291,28,1,0
BRDA:315,29,0,0
BRDA:315,29,1,0
BRDA:315,30,0,0
BRDA:315,30,1,0
BRDA:315,31,0,0
BRDA:315,31,1,0
BRDA:339,32,0,0
BRDA:339,32,1,0
BRDA:350,33,0,0
BRDA:350,33,1,0
BRDA:362,34,0,0
BRDA:362,34,1,0
BRDA:369,35,0,0
BRDA:369,35,1,0
BRDA:381,36,0,0
BRDA:381,36,1,0
BRDA:388,37,0,0
BRDA:388,37,1,0
BRDA:422,38,0,0
BRDA:422,38,1,0
BRDA:422,38,2,0
BRDA:422,38,3,0
BRF:88
BRH:0
end_of_record
TN:
SF:src\hooks\useFirebaseError.ts
FN:27,useFirebaseError
FN:44,(anonymous_17)
FN:51,(anonymous_18)
FN:106,(anonymous_19)
FN:106,(anonymous_20)
FN:117,(anonymous_22)
FN:141,(anonymous_23)
FN:156,(anonymous_24)
FN:167,(anonymous_25)
FNF:9
FNH:0
FNDA:0,useFirebaseError
FNDA:0,(anonymous_17)
FNDA:0,(anonymous_18)
FNDA:0,(anonymous_19)
FNDA:0,(anonymous_20)
FNDA:0,(anonymous_22)
FNDA:0,(anonymous_23)
FNDA:0,(anonymous_24)
FNDA:0,(anonymous_25)
DA:1,1
DA:2,1
DA:3,1
DA:27,1
DA:29,0
DA:30,0
DA:31,0
DA:34,0
DA:36,0
DA:43,0
DA:45,0
DA:48,0
DA:51,0
DA:59,0
DA:60,0
DA:61,0
DA:64,0
DA:91,0
DA:98,0
DA:99,0
DA:105,0
DA:106,0
DA:107,0
DA:108,0
DA:109,0
DA:112,0
DA:113,0
DA:114,0
DA:117,0
DA:123,0
DA:126,0
DA:133,0
DA:136,0
DA:137,0
DA:141,0
DA:148,0
DA:149,0
DA:150,0
DA:156,0
DA:157,0
DA:166,0
DA:167,0
DA:187,0
LF:43
LH:4
BRDA:27,0,0,0
BRDA:27,0,1,0
BRDA:29,1,0,0
BRDA:29,1,1,0
BRDA:30,2,0,0
BRDA:30,2,1,0
BRDA:31,3,0,0
BRDA:31,3,1,0
BRDA:59,4,0,0
BRDA:59,4,1,0
BRDA:66,5,0,0
BRDA:66,5,1,0
BRDA:68,6,0,0
BRDA:68,6,1,0
BRDA:70,7,0,0
BRDA:70,7,1,0
BRDA:74,8,0,0
BRDA:74,8,1,0
BRDA:76,9,0,0
BRDA:76,9,1,0
BRDA:78,10,0,0
BRDA:78,10,1,0
BRDA:82,11,0,0
BRDA:82,11,1,0
BRDA:84,12,0,0
BRDA:84,12,1,0
BRDA:86,13,0,0
BRDA:86,13,1,0
BRDA:92,14,0,0
BRDA:92,14,1,0
BRDA:98,15,0,0
BRDA:98,15,1,0
BRDA:107,16,0,0
BRDA:107,16,1,0
BRDA:112,17,0,0
BRDA:112,17,1,0
BRDA:136,18,0,0
BRDA:136,18,1,0
BRF:38
BRH:0
end_of_record
TN:
SF:src\hooks\useFirestore.ts
FN:57,useRepas
FN:68,(anonymous_17)
FN:80,(anonymous_18)
FN:82,(anonymous_19)
FN:89,(anonymous_20)
FN:107,(anonymous_21)
FN:113,(anonymous_22)
FN:116,(anonymous_23)
FN:116,(anonymous_24)
FN:123,(anonymous_26)
FN:124,(anonymous_27)
FN:150,(anonymous_28)
FN:152,(anonymous_29)
FN:160,(anonymous_31)
FN:161,(anonymous_32)
FN:186,(anonymous_33)
FN:186,(anonymous_34)
FN:203,useEntrainements
FN:214,(anonymous_37)
FN:228,(anonymous_38)
FN:229,(anonymous_39)
FN:235,(anonymous_40)
FN:255,(anonymous_41)
FN:261,(anonymous_42)
FN:264,(anonymous_43)
FN:265,(anonymous_44)
FN:294,(anonymous_46)
FN:295,(anonymous_47)
FN:320,(anonymous_48)
FN:322,(anonymous_49)
FN:330,(anonymous_51)
FN:331,(anonymous_52)
FN:355,(anonymous_53)
FN:355,(anonymous_54)
FN:380,useFavoris
FN:391,(anonymous_57)
FN:406,(anonymous_58)
FN:407,(anonymous_59)
FN:414,(anonymous_60)
FN:420,(anonymous_61)
FN:423,(anonymous_62)
FN:423,(anonymous_63)
FN:428,(anonymous_65)
FN:456,(anonymous_66)
FN:456,(anonymous_67)
FN:471,(anonymous_69)
FN:473,(anonymous_70)
FN:484,useMesures
FN:495,(anonymous_72)
FN:509,(anonymous_73)
FN:510,(anonymous_74)
FN:516,(anonymous_75)
FN:534,(anonymous_76)
FN:540,(anonymous_77)
FN:543,(anonymous_78)
FN:543,(anonymous_79)
FN:572,(anonymous_81)
FN:587,(anonymous_82)
FN:587,(anonymous_83)
FN:592,(anonymous_85)
FN:605,(anonymous_86)
FN:630,(anonymous_87)
FN:630,(anonymous_88)
FN:645,(anonymous_90)
FN:658,(anonymous_91)
FN:701,usePhotos
FN:707,(anonymous_93)
FN:720,(anonymous_94)
FN:721,(anonymous_95)
FN:729,(anonymous_96)
FN:732,(anonymous_97)
FN:739,(anonymous_98)
FN:776,(anonymous_100)
FN:776,(anonymous_101)
FN:796,(anonymous_103)
FN:802,(anonymous_104)
FN:809,(anonymous_106)
FN:839,useJournal
FN:844,(anonymous_108)
FN:858,(anonymous_109)
FN:859,(anonymous_110)
FN:865,(anonymous_111)
FN:883,(anonymous_112)
FN:890,(anonymous_113)
FN:893,(anonymous_114)
FN:893,(anonymous_115)
FN:901,(anonymous_117)
FN:902,(anonymous_118)
FN:917,(anonymous_119)
FN:931,(anonymous_120)
FN:933,(anonymous_121)
FN:941,(anonymous_123)
FN:942,(anonymous_124)
FN:956,(anonymous_125)
FN:978,(anonymous_126)
FN:978,(anonymous_127)
FN:1003,usePhotosLibres
FN:1009,(anonymous_130)
FN:1024,(anonymous_131)
FN:1025,(anonymous_132)
FN:1035,(anonymous_133)
FN:1043,(anonymous_134)
FN:1046,(anonymous_135)
FN:1053,(anonymous_136)
FN:1104,(anonymous_138)
FN:1111,(anonymous_139)
FN:1118,(anonymous_141)
FN:1134,(anonymous_142)
FN:1134,(anonymous_143)
FN:1154,(anonymous_145)
FN:1154,(anonymous_146)
FN:1170,useBadges
FN:1175,(anonymous_149)
FN:1190,(anonymous_150)
FN:1191,(anonymous_151)
FN:1199,(anonymous_152)
FN:1205,(anonymous_153)
FN:1208,(anonymous_154)
FN:1214,(anonymous_155)
FN:1235,(anonymous_157)
FN:1235,(anonymous_158)
FN:1250,(anonymous_160)
FN:1260,(anonymous_163)
FN:1277,useObjectifs
FN:1282,(anonymous_165)
FN:1297,(anonymous_166)
FN:1298,(anonymous_167)
FN:1306,(anonymous_168)
FN:1313,(anonymous_169)
FN:1316,(anonymous_170)
FN:1321,(anonymous_171)
FN:1343,(anonymous_173)
FN:1343,(anonymous_174)
FN:1365,(anonymous_176)
FN:1365,(anonymous_177)
FN:1387,useAllAthletes
FN:1402,(anonymous_180)
FN:1414,(anonymous_181)
FN:1416,(anonymous_182)
FN:1421,(anonymous_183)
FN:1429,(anonymous_184)
FN:1439,(anonymous_185)
FN:1446,useCoachAthletes
FN:1455,(anonymous_187)
FN:1471,(anonymous_188)
FN:1472,(anonymous_189)
FN:1480,(anonymous_190)
FN:1490,(anonymous_191)
FN:1494,(anonymous_192)
FN:1494,(anonymous_193)
FN:1525,(anonymous_195)
FN:1525,(anonymous_196)
FN:1547,(anonymous_198)
FN:1560,(anonymous_199)
FN:1573,(anonymous_200)
FN:1648,useAthleteRealData
FN:1655,(anonymous_202)
FN:1661,(anonymous_203)
FN:1689,(anonymous_206)
FN:1692,(anonymous_207)
FN:1696,(anonymous_208)
FN:1702,(anonymous_209)
FN:1708,(anonymous_210)
FN:1710,(anonymous_211)
FN:1726,(anonymous_212)
FN:1740,(anonymous_213)
FN:1760,(anonymous_214)
FN:1778,(anonymous_216)
FN:1781,(anonymous_217)
FN:1786,(anonymous_218)
FN:1835,getAthleteDataDirect
FN:1853,(anonymous_222)
FN:1866,(anonymous_223)
FN:1879,(anonymous_224)
FN:1900,useCoachDietPlans
FN:1905,(anonymous_226)
FN:1908,(anonymous_227)
FN:1916,(anonymous_230)
FN:1917,(anonymous_231)
FN:1924,(anonymous_232)
FN:1937,(anonymous_233)
FN:1942,(anonymous_234)
FN:1943,(anonymous_235)
FN:1947,(anonymous_236)
FN:1947,(anonymous_237)
FN:1959,(anonymous_239)
FN:1961,(anonymous_240)
FN:1974,(anonymous_242)
FN:1974,(anonymous_243)
FN:1993,useAthleteDietPlan
FN:1998,(anonymous_246)
FN:2001,(anonymous_247)
FN:2009,(anonymous_250)
FN:2012,(anonymous_251)
FN:2018,(anonymous_252)
FN:2033,(anonymous_253)
FN:2038,(anonymous_254)
FN:2039,(anonymous_255)
FN:2049,useCoachCommentsByModule
FN:2058,(anonymous_257)
FN:2062,(anonymous_258)
FN:2081,(anonymous_261)
FN:2082,(anonymous_262)
FN:2087,(anonymous_263)
FN:2114,(anonymous_264)
FN:2128,usePaginatedEntrainements
FN:2136,(anonymous_266)
FN:2152,(anonymous_267)
FN:2153,(anonymous_268)
FN:2162,(anonymous_269)
FN:2168,(anonymous_270)
FN:2171,(anonymous_271)
FN:2186,(anonymous_274)
FN:2191,(anonymous_275)
FN:2201,(anonymous_276)
FN:2212,useChallenges
FN:2222,(anonymous_278)
FN:2237,(anonymous_279)
FN:2238,(anonymous_280)
FN:2245,(anonymous_281)
FN:2252,(anonymous_282)
FN:2256,(anonymous_283)
FN:2256,(anonymous_284)
FN:2277,(anonymous_286)
FN:2277,(anonymous_287)
FN:2296,(anonymous_289)
FN:2296,(anonymous_290)
FN:2321,useAchievements
FN:2331,(anonymous_293)
FN:2346,(anonymous_294)
FN:2347,(anonymous_295)
FN:2354,(anonymous_296)
FN:2361,(anonymous_297)
FN:2365,(anonymous_298)
FN:2365,(anonymous_299)
FN:2394,useUserProgress
FN:2404,(anonymous_302)
FN:2419,(anonymous_303)
FN:2431,(anonymous_304)
FN:2438,(anonymous_305)
FN:2442,(anonymous_306)
FN:2442,(anonymous_307)
FN:2483,(anonymous_309)
FN:2483,(anonymous_310)
FN:2521,usePaginatedMesures
FN:2529,(anonymous_313)
FN:2545,(anonymous_314)
FN:2546,(anonymous_315)
FN:2555,(anonymous_316)
FN:2561,(anonymous_317)
FN:2564,(anonymous_318)
FN:2579,(anonymous_321)
FN:2584,(anonymous_322)
FN:2594,(anonymous_323)
FNF:254
FNH:9
FNDA:29,useRepas
FNDA:15,(anonymous_17)
FNDA:0,(anonymous_18)
FNDA:0,(anonymous_19)
FNDA:0,(anonymous_20)
FNDA:0,(anonymous_21)
FNDA:2,(anonymous_22)
FNDA:1,(anonymous_23)
FNDA:1,(anonymous_24)
FNDA:0,(anonymous_26)
FNDA:0,(anonymous_27)
FNDA:1,(anonymous_28)
FNDA:1,(anonymous_29)
FNDA:0,(anonymous_31)
FNDA:0,(anonymous_32)
FNDA:1,(anonymous_33)
FNDA:1,(anonymous_34)
FNDA:0,useEntrainements
FNDA:0,(anonymous_37)
FNDA:0,(anonymous_38)
FNDA:0,(anonymous_39)
FNDA:0,(anonymous_40)
FNDA:0,(anonymous_41)
FNDA:0,(anonymous_42)
FNDA:0,(anonymous_43)
FNDA:0,(anonymous_44)
FNDA:0,(anonymous_46)
FNDA:0,(anonymous_47)
FNDA:0,(anonymous_48)
FNDA:0,(anonymous_49)
FNDA:0,(anonymous_51)
FNDA:0,(anonymous_52)
FNDA:0,(anonymous_53)
FNDA:0,(anonymous_54)
FNDA:0,useFavoris
FNDA:0,(anonymous_57)
FNDA:0,(anonymous_58)
FNDA:0,(anonymous_59)
FNDA:0,(anonymous_60)
FNDA:0,(anonymous_61)
FNDA:0,(anonymous_62)
FNDA:0,(anonymous_63)
FNDA:0,(anonymous_65)
FNDA:0,(anonymous_66)
FNDA:0,(anonymous_67)
FNDA:0,(anonymous_69)
FNDA:0,(anonymous_70)
FNDA:0,useMesures
FNDA:0,(anonymous_72)
FNDA:0,(anonymous_73)
FNDA:0,(anonymous_74)
FNDA:0,(anonymous_75)
FNDA:0,(anonymous_76)
FNDA:0,(anonymous_77)
FNDA:0,(anonymous_78)
FNDA:0,(anonymous_79)
FNDA:0,(anonymous_81)
FNDA:0,(anonymous_82)
FNDA:0,(anonymous_83)
FNDA:0,(anonymous_85)
FNDA:0,(anonymous_86)
FNDA:0,(anonymous_87)
FNDA:0,(anonymous_88)
FNDA:0,(anonymous_90)
FNDA:0,(anonymous_91)
FNDA:0,usePhotos
FNDA:0,(anonymous_93)
FNDA:0,(anonymous_94)
FNDA:0,(anonymous_95)
FNDA:0,(anonymous_96)
FNDA:0,(anonymous_97)
FNDA:0,(anonymous_98)
FNDA:0,(anonymous_100)
FNDA:0,(anonymous_101)
FNDA:0,(anonymous_103)
FNDA:0,(anonymous_104)
FNDA:0,(anonymous_106)
FNDA:0,useJournal
FNDA:0,(anonymous_108)
FNDA:0,(anonymous_109)
FNDA:0,(anonymous_110)
FNDA:0,(anonymous_111)
FNDA:0,(anonymous_112)
FNDA:0,(anonymous_113)
FNDA:0,(anonymous_114)
FNDA:0,(anonymous_115)
FNDA:0,(anonymous_117)
FNDA:0,(anonymous_118)
FNDA:0,(anonymous_119)
FNDA:0,(anonymous_120)
FNDA:0,(anonymous_121)
FNDA:0,(anonymous_123)
FNDA:0,(anonymous_124)
FNDA:0,(anonymous_125)
FNDA:0,(anonymous_126)
FNDA:0,(anonymous_127)
FNDA:0,usePhotosLibres
FNDA:0,(anonymous_130)
FNDA:0,(anonymous_131)
FNDA:0,(anonymous_132)
FNDA:0,(anonymous_133)
FNDA:0,(anonymous_134)
FNDA:0,(anonymous_135)
FNDA:0,(anonymous_136)
FNDA:0,(anonymous_138)
FNDA:0,(anonymous_139)
FNDA:0,(anonymous_141)
FNDA:0,(anonymous_142)
FNDA:0,(anonymous_143)
FNDA:0,(anonymous_145)
FNDA:0,(anonymous_146)
FNDA:0,useBadges
FNDA:0,(anonymous_149)
FNDA:0,(anonymous_150)
FNDA:0,(anonymous_151)
FNDA:0,(anonymous_152)
FNDA:0,(anonymous_153)
FNDA:0,(anonymous_154)
FNDA:0,(anonymous_155)
FNDA:0,(anonymous_157)
FNDA:0,(anonymous_158)
FNDA:0,(anonymous_160)
FNDA:0,(anonymous_163)
FNDA:0,useObjectifs
FNDA:0,(anonymous_165)
FNDA:0,(anonymous_166)
FNDA:0,(anonymous_167)
FNDA:0,(anonymous_168)
FNDA:0,(anonymous_169)
FNDA:0,(anonymous_170)
FNDA:0,(anonymous_171)
FNDA:0,(anonymous_173)
FNDA:0,(anonymous_174)
FNDA:0,(anonymous_176)
FNDA:0,(anonymous_177)
FNDA:0,useAllAthletes
FNDA:0,(anonymous_180)
FNDA:0,(anonymous_181)
FNDA:0,(anonymous_182)
FNDA:0,(anonymous_183)
FNDA:0,(anonymous_184)
FNDA:0,(anonymous_185)
FNDA:0,useCoachAthletes
FNDA:0,(anonymous_187)
FNDA:0,(anonymous_188)
FNDA:0,(anonymous_189)
FNDA:0,(anonymous_190)
FNDA:0,(anonymous_191)
FNDA:0,(anonymous_192)
FNDA:0,(anonymous_193)
FNDA:0,(anonymous_195)
FNDA:0,(anonymous_196)
FNDA:0,(anonymous_198)
FNDA:0,(anonymous_199)
FNDA:0,(anonymous_200)
FNDA:0,useAthleteRealData
FNDA:0,(anonymous_202)
FNDA:0,(anonymous_203)
FNDA:0,(anonymous_206)
FNDA:0,(anonymous_207)
FNDA:0,(anonymous_208)
FNDA:0,(anonymous_209)
FNDA:0,(anonymous_210)
FNDA:0,(anonymous_211)
FNDA:0,(anonymous_212)
FNDA:0,(anonymous_213)
FNDA:0,(anonymous_214)
FNDA:0,(anonymous_216)
FNDA:0,(anonymous_217)
FNDA:0,(anonymous_218)
FNDA:0,getAthleteDataDirect
FNDA:0,(anonymous_222)
FNDA:0,(anonymous_223)
FNDA:0,(anonymous_224)
FNDA:0,useCoachDietPlans
FNDA:0,(anonymous_226)
FNDA:0,(anonymous_227)
FNDA:0,(anonymous_230)
FNDA:0,(anonymous_231)
FNDA:0,(anonymous_232)
FNDA:0,(anonymous_233)
FNDA:0,(anonymous_234)
FNDA:0,(anonymous_235)
FNDA:0,(anonymous_236)
FNDA:0,(anonymous_237)
FNDA:0,(anonymous_239)
FNDA:0,(anonymous_240)
FNDA:0,(anonymous_242)
FNDA:0,(anonymous_243)
FNDA:0,useAthleteDietPlan
FNDA:0,(anonymous_246)
FNDA:0,(anonymous_247)
FNDA:0,(anonymous_250)
FNDA:0,(anonymous_251)
FNDA:0,(anonymous_252)
FNDA:0,(anonymous_253)
FNDA:0,(anonymous_254)
FNDA:0,(anonymous_255)
FNDA:0,useCoachCommentsByModule
FNDA:0,(anonymous_257)
FNDA:0,(anonymous_258)
FNDA:0,(anonymous_261)
FNDA:0,(anonymous_262)
FNDA:0,(anonymous_263)
FNDA:0,(anonymous_264)
FNDA:0,usePaginatedEntrainements
FNDA:0,(anonymous_266)
FNDA:0,(anonymous_267)
FNDA:0,(anonymous_268)
FNDA:0,(anonymous_269)
FNDA:0,(anonymous_270)
FNDA:0,(anonymous_271)
FNDA:0,(anonymous_274)
FNDA:0,(anonymous_275)
FNDA:0,(anonymous_276)
FNDA:0,useChallenges
FNDA:0,(anonymous_278)
FNDA:0,(anonymous_279)
FNDA:0,(anonymous_280)
FNDA:0,(anonymous_281)
FNDA:0,(anonymous_282)
FNDA:0,(anonymous_283)
FNDA:0,(anonymous_284)
FNDA:0,(anonymous_286)
FNDA:0,(anonymous_287)
FNDA:0,(anonymous_289)
FNDA:0,(anonymous_290)
FNDA:0,useAchievements
FNDA:0,(anonymous_293)
FNDA:0,(anonymous_294)
FNDA:0,(anonymous_295)
FNDA:0,(anonymous_296)
FNDA:0,(anonymous_297)
FNDA:0,(anonymous_298)
FNDA:0,(anonymous_299)
FNDA:0,useUserProgress
FNDA:0,(anonymous_302)
FNDA:0,(anonymous_303)
FNDA:0,(anonymous_304)
FNDA:0,(anonymous_305)
FNDA:0,(anonymous_306)
FNDA:0,(anonymous_307)
FNDA:0,(anonymous_309)
FNDA:0,(anonymous_310)
FNDA:0,usePaginatedMesures
FNDA:0,(anonymous_313)
FNDA:0,(anonymous_314)
FNDA:0,(anonymous_315)
FNDA:0,(anonymous_316)
FNDA:0,(anonymous_317)
FNDA:0,(anonymous_318)
FNDA:0,(anonymous_321)
FNDA:0,(anonymous_322)
FNDA:0,(anonymous_323)
DA:3,1
DA:4,1
DA:5,1
DA:22,1
DA:29,1
DA:30,1
DA:31,1
DA:32,1
DA:37,1
DA:38,1
DA:57,30
DA:58,29
DA:59,29
DA:60,29
DA:63,29
DA:68,29
DA:69,15
DA:70,13
DA:71,13
DA:72,13
DA:75,2
DA:76,2
DA:78,2
DA:81,0
DA:82,0
DA:89,0
DA:90,0
DA:91,0
DA:92,0
DA:96,0
DA:97,0
DA:102,0
DA:104,0
DA:105,0
DA:108,0
DA:109,0
DA:113,2
DA:116,29
DA:117,1
DA:121,0
DA:123,0
DA:124,0
DA:126,0
DA:127,0
DA:129,0
DA:133,0
DA:138,0
DA:140,0
DA:142,0
DA:143,0
DA:150,29
DA:152,1
DA:154,1
DA:158,0
DA:160,0
DA:161,0
DA:163,0
DA:164,0
DA:166,0
DA:170,0
DA:175,0
DA:176,0
DA:178,0
DA:179,0
DA:186,29
DA:188,2
DA:189,1
DA:191,0
DA:192,0
DA:199,29
DA:203,1
DA:204,0
DA:205,0
DA:206,0
DA:209,0
DA:214,0
DA:215,0
DA:216,0
DA:217,0
DA:218,0
DA:221,0
DA:226,0
DA:229,0
DA:235,0
DA:236,0
DA:237,0
DA:238,0
DA:242,0
DA:243,0
DA:248,0
DA:252,0
DA:253,0
DA:256,0
DA:257,0
DA:261,0
DA:264,0
DA:265,0
DA:267,0
DA:268,0
DA:269,0
DA:274,0
DA:275,0
DA:281,0
DA:282,0
DA:283,0
DA:292,0
DA:294,0
DA:295,0
DA:297,0
DA:298,0
DA:300,0
DA:304,0
DA:310,0
DA:312,0
DA:313,0
DA:320,0
DA:322,0
DA:324,0
DA:328,0
DA:330,0
DA:331,0
DA:333,0
DA:334,0
DA:336,0
DA:340,0
DA:341,0
DA:345,0
DA:347,0
DA:348,0
DA:355,0
DA:356,0
DA:359,0
DA:360,0
DA:362,0
DA:363,0
DA:370,0
DA:380,1
DA:381,0
DA:382,0
DA:383,0
DA:386,0
DA:391,0
DA:392,0
DA:393,0
DA:394,0
DA:395,0
DA:398,0
DA:404,0
DA:407,0
DA:411,0
DA:412,0
DA:415,0
DA:416,0
DA:420,0
DA:423,0
DA:424,0
DA:427,0
DA:429,0
DA:434,0
DA:435,0
DA:439,0
DA:446,0
DA:448,0
DA:449,0
DA:456,0
DA:457,0
DA:460,0
DA:461,0
DA:463,0
DA:464,0
DA:471,0
DA:472,0
DA:474,0
DA:480,0
DA:484,1
DA:485,0
DA:486,0
DA:487,0
DA:490,0
DA:495,0
DA:496,0
DA:497,0
DA:498,0
DA:499,0
DA:502,0
DA:507,0
DA:510,0
DA:516,0
DA:517,0
DA:518,0
DA:519,0
DA:523,0
DA:524,0
DA:529,0
DA:531,0
DA:532,0
DA:535,0
DA:536,0
DA:540,0
DA:543,0
DA:544,0
DA:545,0
DA:549,0
DA:550,0
DA:551,0
DA:555,0
DA:572,0
DA:575,0
DA:576,0
DA:577,0
DA:579,0
DA:580,0
DA:587,0
DA:588,0
DA:592,0
DA:593,0
DA:594,0
DA:595,0
DA:596,0
DA:597,0
DA:604,0
DA:605,0
DA:606,0
DA:607,0
DA:609,0
DA:610,0
DA:612,0
DA:617,0
DA:621,0
DA:623,0
DA:630,0
DA:631,0
DA:634,0
DA:635,0
DA:637,0
DA:645,0
DA:646,0
DA:648,0
DA:651,0
DA:652,0
DA:653,0
DA:656,0
DA:659,0
DA:663,0
DA:665,0
DA:666,0
DA:668,0
DA:669,0
DA:672,0
DA:673,0
DA:679,0
DA:684,0
DA:686,0
DA:697,0
DA:701,1
DA:702,0
DA:703,0
DA:704,0
DA:705,0
DA:707,0
DA:708,0
DA:709,0
DA:710,0
DA:711,0
DA:714,0
DA:720,0
DA:721,0
DA:725,0
DA:726,0
DA:729,0
DA:732,0
DA:739,0
DA:741,0
DA:743,0
DA:746,0
DA:747,0
DA:750,0
DA:751,0
DA:754,0
DA:765,0
DA:766,0
DA:768,0
DA:769,0
DA:776,0
DA:777,0
DA:781,0
DA:782,0
DA:785,0
DA:787,0
DA:789,0
DA:796,0
DA:802,0
DA:804,0
DA:808,0
DA:809,0
DA:813,0
DA:815,0
DA:818,0
DA:819,0
DA:821,0
DA:828,0
DA:839,1
DA:840,0
DA:841,0
DA:842,0
DA:844,0
DA:845,0
DA:846,0
DA:847,0
DA:848,0
DA:851,0
DA:856,0
DA:859,0
DA:865,0
DA:866,0
DA:867,0
DA:868,0
DA:872,0
DA:873,0
DA:878,0
DA:880,0
DA:881,0
DA:885,0
DA:886,0
DA:890,0
DA:893,0
DA:894,0
DA:895,0
DA:899,0
DA:901,0
DA:902,0
DA:904,0
DA:905,0
DA:907,0
DA:911,0
DA:917,0
DA:920,0
DA:921,0
DA:923,0
DA:924,0
DA:931,0
DA:933,0
DA:935,0
DA:939,0
DA:941,0
DA:942,0
DA:944,0
DA:945,0
DA:947,0
DA:952,0
DA:956,0
DA:958,0
DA:962,0
DA:963,0
DA:967,0
DA:968,0
DA:970,0
DA:971,0
DA:978,0
DA:979,0
DA:982,0
DA:983,0
DA:985,0
DA:986,0
DA:993,0
DA:1003,1
DA:1004,0
DA:1005,0
DA:1006,0
DA:1007,0
DA:1009,0
DA:1010,0
DA:1011,0
DA:1012,0
DA:1013,0
DA:1016,0
DA:1022,0
DA:1025,0
DA:1031,0
DA:1032,0
DA:1033,0
DA:1036,0
DA:1037,0
DA:1038,0
DA:1039,0
DA:1043,0
DA:1046,0
DA:1053,0
DA:1055,0
DA:1057,0
DA:1060,0
DA:1061,0
DA:1064,0
DA:1065,0
DA:1068,0
DA:1079,0
DA:1084,0
DA:1085,0
DA:1087,0
DA:1088,0
DA:1092,0
DA:1096,0
DA:1097,0
DA:1104,0
DA:1111,0
DA:1113,0
DA:1117,0
DA:1118,0
DA:1121,0
DA:1125,0
DA:1127,0
DA:1134,0
DA:1135,0
DA:1139,0
DA:1140,0
DA:1143,0
DA:1145,0
DA:1147,0
DA:1154,0
DA:1155,0
DA:1158,0
DA:1170,1
DA:1171,0
DA:1172,0
DA:1173,0
DA:1175,0
DA:1176,0
DA:1177,0
DA:1178,0
DA:1179,0
DA:1182,0
DA:1188,0
DA:1191,0
DA:1196,0
DA:1197,0
DA:1200,0
DA:1201,0
DA:1205,0
DA:1208,0
DA:1214,0
DA:1215,0
DA:1218,0
DA:1225,0
DA:1227,0
DA:1228,0
DA:1235,0
DA:1236,0
DA:1239,0
DA:1240,0
DA:1242,0
DA:1243,0
DA:1250,0
DA:1251,0
DA:1254,0
DA:1259,0
DA:1260,0
DA:1261,0
DA:1263,0
DA:1265,0
DA:1266,0
DA:1273,0
DA:1277,1
DA:1278,0
DA:1279,0
DA:1280,0
DA:1282,0
DA:1283,0
DA:1284,0
DA:1285,0
DA:1286,0
DA:1289,0
DA:1295,0
DA:1298,0
DA:1303,0
DA:1304,0
DA:1308,0
DA:1309,0
DA:1313,0
DA:1316,0
DA:1321,0
DA:1322,0
DA:1325,0
DA:1333,0
DA:1335,0
DA:1336,0
DA:1343,0
DA:1344,0
DA:1347,0
DA:1348,0
DA:1349,0
DA:1355,0
DA:1357,0
DA:1358,0
DA:1365,0
DA:1366,0
DA:1369,0
DA:1370,0
DA:1372,0
DA:1373,0
DA:1380,0
DA:1387,1
DA:1388,0
DA:1399,0
DA:1400,0
DA:1402,0
DA:1403,0
DA:1404,0
DA:1405,0
DA:1406,0
DA:1410,0
DA:1412,0
DA:1415,0
DA:1416,0
DA:1422,0
DA:1426,0
DA:1427,0
DA:1430,0
DA:1434,0
DA:1435,0
DA:1439,0
DA:1442,0
DA:1446,1
DA:1447,0
DA:1452,0
DA:1453,0
DA:1455,0
DA:1456,0
DA:1457,0
DA:1458,0
DA:1459,0
DA:1463,0
DA:1469,0
DA:1472,0
DA:1477,0
DA:1478,0
DA:1481,0
DA:1485,0
DA:1486,0
DA:1490,0
DA:1494,0
DA:1495,0
DA:1499,0
DA:1502,0
DA:1514,0
DA:1516,0
DA:1517,0
DA:1525,0
DA:1526,0
DA:1530,0
DA:1532,0
DA:1534,0
DA:1535,0
DA:1540,0
DA:1546,0
DA:1547,0
DA:1553,0
DA:1559,0
DA:1560,0
DA:1566,0
DA:1572,0
DA:1573,0
DA:1578,0
DA:1586,0
DA:1588,0
DA:1589,0
DA:1593,0
DA:1648,1
DA:1649,0
DA:1652,0
DA:1653,0
DA:1655,0
DA:1656,0
DA:1657,0
DA:1658,0
DA:1661,0
DA:1663,0
DA:1666,0
DA:1668,0
DA:1669,0
DA:1670,0
DA:1671,0
DA:1674,0
DA:1677,0
DA:1678,0
DA:1679,0
DA:1682,0
DA:1683,0
DA:1688,0
DA:1689,0
DA:1691,0
DA:1692,0
DA:1695,0
DA:1696,0
DA:1701,0
DA:1703,0
DA:1707,0
DA:1708,0
DA:1711,0
DA:1714,0
DA:1717,0
DA:1718,0
DA:1719,0
DA:1720,0
DA:1721,0
DA:1725,0
DA:1727,0
DA:1728,0
DA:1729,0
DA:1732,0
DA:1738,0
DA:1740,0
DA:1758,0
DA:1760,0
DA:1772,0
DA:1773,0
DA:1774,0
DA:1777,0
DA:1778,0
DA:1780,0
DA:1782,0
DA:1785,0
DA:1787,0
DA:1791,0
DA:1801,0
DA:1819,0
DA:1820,0
DA:1822,0
DA:1823,0
DA:1824,0
DA:1828,0
DA:1831,0
DA:1838,0
DA:1840,0
DA:1842,0
DA:1843,0
DA:1846,0
DA:1852,0
DA:1853,0
DA:1859,0
DA:1865,0
DA:1866,0
DA:1872,0
DA:1878,0
DA:1879,0
DA:1884,0
DA:1892,0
DA:1894,0
DA:1895,0
DA:1900,1
DA:1901,0
DA:1902,0
DA:1903,0
DA:1905,0
DA:1906,0
DA:1908,0
DA:1909,0
DA:1911,0
DA:1916,0
DA:1917,0
DA:1923,0
DA:1925,0
DA:1929,0
DA:1930,0
DA:1933,0
DA:1935,0
DA:1936,0
DA:1937,0
DA:1941,0
DA:1942,0
DA:1943,0
DA:1947,0
DA:1949,0
DA:1954,0
DA:1955,0
DA:1959,0
DA:1961,0
DA:1964,0
DA:1969,0
DA:1970,0
DA:1974,0
DA:1976,0
DA:1978,0
DA:1979,0
DA:1983,0
DA:1993,1
DA:1994,0
DA:1995,0
DA:1996,0
DA:1998,0
DA:1999,0
DA:2001,0
DA:2002,0
DA:2004,0
DA:2009,0
DA:2010,0
DA:2012,0
DA:2017,0
DA:2019,0
DA:2022,0
DA:2024,0
DA:2026,0
DA:2029,0
DA:2031,0
DA:2032,0
DA:2033,0
DA:2037,0
DA:2038,0
DA:2039,0
DA:2043,0
DA:2049,1
DA:2054,0
DA:2055,0
DA:2056,0
DA:2058,0
DA:2059,0
DA:2062,0
DA:2063,0
DA:2065,0
DA:2070,0
DA:2071,0
DA:2074,0
DA:2075,0
DA:2077,0
DA:2080,0
DA:2081,0
DA:2082,0
DA:2087,0
DA:2088,0
DA:2090,0
DA:2095,0
DA:2097,0
DA:2102,0
DA:2105,0
DA:2106,0
DA:2109,0
DA:2110,0
DA:2114,0
DA:2115,0
DA:2119,0
DA:2128,1
DA:2129,0
DA:2130,0
DA:2131,0
DA:2132,0
DA:2133,0
DA:2136,0
DA:2137,0
DA:2138,0
DA:2139,0
DA:2140,0
DA:2143,0
DA:2150,0
DA:2153,0
DA:2157,0
DA:2158,0
DA:2159,0
DA:2160,0
DA:2163,0
DA:2164,0
DA:2168,0
DA:2171,0
DA:2172,0
DA:2175,0
DA:2177,0
DA:2185,0
DA:2186,0
DA:2191,0
DA:2192,0
DA:2193,0
DA:2195,0
DA:2197,0
DA:2201,0
DA:2202,0
DA:2203,0
DA:2204,0
DA:2205,0
DA:2208,0
DA:2212,1
DA:2213,0
DA:2214,0
DA:2215,0
DA:2217,0
DA:2222,0
DA:2223,0
DA:2224,0
DA:2225,0
DA:2226,0
DA:2229,0
DA:2235,0
DA:2238,0
DA:2242,0
DA:2243,0
DA:2246,0
DA:2247,0
DA:2248,0
DA:2252,0
DA:2255,0
DA:2256,0
DA:2257,0
DA:2260,0
DA:2264,0
DA:2266,0
DA:2267,0
DA:2276,0
DA:2277,0
DA:2279,0
DA:2283,0
DA:2285,0
DA:2286,0
DA:2295,0
DA:2296,0
DA:2298,0
DA:2299,0
DA:2301,0
DA:2302,0
DA:2311,0
DA:2321,1
DA:2322,0
DA:2323,0
DA:2324,0
DA:2326,0
DA:2331,0
DA:2332,0
DA:2333,0
DA:2334,0
DA:2335,0
DA:2338,0
DA:2344,0
DA:2347,0
DA:2351,0
DA:2352,0
DA:2355,0
DA:2356,0
DA:2357,0
DA:2361,0
DA:2364,0
DA:2365,0
DA:2366,0
DA:2369,0
DA:2374,0
DA:2376,0
DA:2377,0
DA:2386,0
DA:2394,1
DA:2395,0
DA:2396,0
DA:2397,0
DA:2399,0
DA:2404,0
DA:2405,0
DA:2406,0
DA:2407,0
DA:2408,0
DA:2411,0
DA:2417,0
DA:2420,0
DA:2421,0
DA:2425,0
DA:2427,0
DA:2429,0
DA:2432,0
DA:2433,0
DA:2434,0
DA:2438,0
DA:2441,0
DA:2442,0
DA:2443,0
DA:2446,0
DA:2448,0
DA:2454,0
DA:2468,0
DA:2470,0
DA:2472,0
DA:2473,0
DA:2482,0
DA:2483,0
DA:2484,0
DA:2485,0
DA:2488,0
DA:2489,0
DA:2492,0
DA:2500,0
DA:2502,0
DA:2503,0
DA:2512,0
DA:2521,1
DA:2522,0
DA:2523,0
DA:2524,0
DA:2525,0
DA:2526,0
DA:2529,0
DA:2530,0
DA:2531,0
DA:2532,0
DA:2533,0
DA:2536,0
DA:2543,0
DA:2546,0
DA:2550,0
DA:2551,0
DA:2552,0
DA:2553,0
DA:2556,0
DA:2557,0
DA:2561,0
DA:2564,0
DA:2565,0
DA:2568,0
DA:2570,0
DA:2578,0
DA:2579,0
DA:2584,0
DA:2585,0
DA:2586,0
DA:2588,0
DA:2590,0
DA:2594,0
DA:2595,0
DA:2596,0
DA:2597,0
DA:2598,0
DA:2601,0
LF:923
LH:52
BRDA:69,0,0,13
BRDA:69,0,1,2
BRDA:93,1,0,0
BRDA:93,1,1,0
BRDA:117,2,0,1
BRDA:117,2,1,0
BRDA:126,3,0,0
BRDA:126,3,1,0
BRDA:126,4,0,0
BRDA:126,4,1,0
BRDA:145,5,0,0
BRDA:145,5,1,0
BRDA:154,6,0,1
BRDA:154,6,1,0
BRDA:163,7,0,0
BRDA:163,7,1,0
BRDA:163,8,0,0
BRDA:163,8,1,0
BRDA:181,9,0,0
BRDA:181,9,1,0
BRDA:194,10,0,0
BRDA:194,10,1,0
BRDA:215,11,0,0
BRDA:215,11,1,0
BRDA:239,12,0,0
BRDA:239,12,1,0
BRDA:267,13,0,0
BRDA:267,13,1,0
BRDA:274,14,0,0
BRDA:274,14,1,0
BRDA:282,15,0,0
BRDA:282,15,1,0
BRDA:297,16,0,0
BRDA:297,16,1,0
BRDA:297,17,0,0
BRDA:297,17,1,0
BRDA:315,18,0,0
BRDA:315,18,1,0
BRDA:324,19,0,0
BRDA:324,19,1,0
BRDA:333,20,0,0
BRDA:333,20,1,0
BRDA:333,21,0,0
BRDA:333,21,1,0
BRDA:350,22,0,0
BRDA:350,22,1,0
BRDA:356,23,0,0
BRDA:356,23,1,0
BRDA:365,24,0,0
BRDA:365,24,1,0
BRDA:392,25,0,0
BRDA:392,25,1,0
BRDA:424,26,0,0
BRDA:424,26,1,0
BRDA:429,27,0,0
BRDA:429,27,1,0
BRDA:429,27,2,0
BRDA:434,28,0,0
BRDA:434,28,1,0
BRDA:451,29,0,0
BRDA:451,29,1,0
BRDA:457,30,0,0
BRDA:457,30,1,0
BRDA:466,31,0,0
BRDA:466,31,1,0
BRDA:474,32,0,0
BRDA:474,32,1,0
BRDA:474,32,2,0
BRDA:496,33,0,0
BRDA:496,33,1,0
BRDA:520,34,0,0
BRDA:520,34,1,0
BRDA:544,35,0,0
BRDA:544,35,1,0
BRDA:545,36,0,0
BRDA:545,36,1,0
BRDA:550,37,0,0
BRDA:550,37,1,0
BRDA:550,38,0,0
BRDA:550,38,1,0
BRDA:570,39,0,0
BRDA:570,39,1,0
BRDA:582,40,0,0
BRDA:582,40,1,0
BRDA:588,41,0,0
BRDA:588,41,1,0
BRDA:593,42,0,0
BRDA:593,42,1,0
BRDA:593,43,0,0
BRDA:593,43,1,0
BRDA:593,43,2,0
BRDA:594,44,0,0
BRDA:594,44,1,0
BRDA:594,45,0,0
BRDA:594,45,1,0
BRDA:595,46,0,0
BRDA:595,46,1,0
BRDA:595,47,0,0
BRDA:595,47,1,0
BRDA:596,48,0,0
BRDA:596,48,1,0
BRDA:596,49,0,0
BRDA:596,49,1,0
BRDA:607,50,0,0
BRDA:607,50,1,0
BRDA:609,51,0,0
BRDA:609,51,1,0
BRDA:609,52,0,0
BRDA:609,52,1,0
BRDA:625,53,0,0
BRDA:625,53,1,0
BRDA:631,54,0,0
BRDA:631,54,1,0
BRDA:639,55,0,0
BRDA:639,55,1,0
BRDA:646,56,0,0
BRDA:646,56,1,0
BRDA:646,57,0,0
BRDA:646,57,1,0
BRDA:648,58,0,0
BRDA:648,58,1,0
BRDA:659,59,0,0
BRDA:659,59,1,0
BRDA:668,60,0,0
BRDA:668,60,1,0
BRDA:668,61,0,0
BRDA:668,61,1,0
BRDA:668,62,0,0
BRDA:668,62,1,0
BRDA:672,63,0,0
BRDA:672,63,1,0
BRDA:672,64,0,0
BRDA:672,64,1,0
BRDA:672,65,0,0
BRDA:672,65,1,0
BRDA:672,66,0,0
BRDA:672,66,1,0
BRDA:679,67,0,0
BRDA:679,67,1,0
BRDA:681,68,0,0
BRDA:681,68,1,0
BRDA:708,69,0,0
BRDA:708,69,1,0
BRDA:741,70,0,0
BRDA:741,70,1,0
BRDA:760,71,0,0
BRDA:760,71,1,0
BRDA:761,72,0,0
BRDA:761,72,1,0
BRDA:771,73,0,0
BRDA:771,73,1,0
BRDA:777,74,0,0
BRDA:777,74,1,0
BRDA:791,75,0,0
BRDA:791,75,1,0
BRDA:804,76,0,0
BRDA:804,76,1,0
BRDA:813,77,0,0
BRDA:813,77,1,0
BRDA:813,78,0,0
BRDA:813,78,1,0
BRDA:823,79,0,0
BRDA:823,79,1,0
BRDA:845,80,0,0
BRDA:845,80,1,0
BRDA:869,81,0,0
BRDA:869,81,1,0
BRDA:894,82,0,0
BRDA:894,82,1,0
BRDA:895,83,0,0
BRDA:895,83,1,0
BRDA:904,84,0,0
BRDA:904,84,1,0
BRDA:904,85,0,0
BRDA:904,85,1,0
BRDA:926,86,0,0
BRDA:926,86,1,0
BRDA:935,87,0,0
BRDA:935,87,1,0
BRDA:944,88,0,0
BRDA:944,88,1,0
BRDA:944,89,0,0
BRDA:944,89,1,0
BRDA:958,90,0,0
BRDA:958,90,1,0
BRDA:959,91,0,0
BRDA:959,91,1,0
BRDA:959,91,2,0
BRDA:959,91,3,0
BRDA:973,92,0,0
BRDA:973,92,1,0
BRDA:979,93,0,0
BRDA:979,93,1,0
BRDA:988,94,0,0
BRDA:988,94,1,0
BRDA:1010,95,0,0
BRDA:1010,95,1,0
BRDA:1055,96,0,0
BRDA:1055,96,1,0
BRDA:1073,97,0,0
BRDA:1073,97,1,0
BRDA:1074,98,0,0
BRDA:1074,98,1,0
BRDA:1075,99,0,0
BRDA:1075,99,1,0
BRDA:1090,100,0,0
BRDA:1090,100,1,0
BRDA:1090,101,0,0
BRDA:1090,101,1,0
BRDA:1094,102,0,0
BRDA:1094,102,1,0
BRDA:1094,103,0,0
BRDA:1094,103,1,0
BRDA:1099,104,0,0
BRDA:1099,104,1,0
BRDA:1113,105,0,0
BRDA:1113,105,1,0
BRDA:1129,106,0,0
BRDA:1129,106,1,0
BRDA:1135,107,0,0
BRDA:1135,107,1,0
BRDA:1149,108,0,0
BRDA:1149,108,1,0
BRDA:1176,109,0,0
BRDA:1176,109,1,0
BRDA:1215,110,0,0
BRDA:1215,110,1,0
BRDA:1230,111,0,0
BRDA:1230,111,1,0
BRDA:1236,112,0,0
BRDA:1236,112,1,0
BRDA:1245,113,0,0
BRDA:1245,113,1,0
BRDA:1251,114,0,0
BRDA:1251,114,1,0
BRDA:1268,115,0,0
BRDA:1268,115,1,0
BRDA:1283,116,0,0
BRDA:1283,116,1,0
BRDA:1322,117,0,0
BRDA:1322,117,1,0
BRDA:1338,118,0,0
BRDA:1338,118,1,0
BRDA:1344,119,0,0
BRDA:1344,119,1,0
BRDA:1348,120,0,0
BRDA:1348,120,1,0
BRDA:1352,121,0,0
BRDA:1352,121,1,0
BRDA:1360,122,0,0
BRDA:1360,122,1,0
BRDA:1366,123,0,0
BRDA:1366,123,1,0
BRDA:1375,124,0,0
BRDA:1375,124,1,0
BRDA:1403,125,0,0
BRDA:1403,125,1,0
BRDA:1422,126,0,0
BRDA:1422,126,1,0
BRDA:1456,127,0,0
BRDA:1456,127,1,0
BRDA:1495,128,0,0
BRDA:1495,128,1,0
BRDA:1519,129,0,0
BRDA:1519,129,1,0
BRDA:1586,130,0,0
BRDA:1526,131,0,0
BRDA:1526,131,1,0
BRDA:1532,132,0,0
BRDA:1532,132,1,0
BRDA:1532,133,0,0
BRDA:1532,133,1,0
BRDA:1648,134,0,0
BRDA:1648,134,1,0
BRDA:1656,135,0,0
BRDA:1656,135,1,0
BRDA:1656,136,0,0
BRDA:1656,136,1,0
BRDA:1668,137,0,0
BRDA:1668,137,1,0
BRDA:1692,138,0,0
BRDA:1692,138,1,0
BRDA:1692,139,0,0
BRDA:1692,139,1,0
BRDA:1692,140,0,0
BRDA:1692,140,1,0
BRDA:1696,141,0,0
BRDA:1696,141,1,0
BRDA:1696,142,0,0
BRDA:1696,142,1,0
BRDA:1696,143,0,0
BRDA:1696,143,1,0
BRDA:1703,144,0,0
BRDA:1703,144,1,0
BRDA:1708,145,0,0
BRDA:1708,145,1,0
BRDA:1714,146,0,0
BRDA:1714,146,1,0
BRDA:1714,147,0,0
BRDA:1714,147,1,0
BRDA:1714,148,0,0
BRDA:1714,148,1,0
BRDA:1718,149,0,0
BRDA:1718,149,1,0
BRDA:1719,150,0,0
BRDA:1719,150,1,0
BRDA:1720,151,0,0
BRDA:1720,151,1,0
BRDA:1727,152,0,0
BRDA:1727,152,1,0
BRDA:1733,153,0,0
BRDA:1733,153,1,0
BRDA:1741,154,0,0
BRDA:1741,154,1,0
BRDA:1742,155,0,0
BRDA:1742,155,1,0
BRDA:1753,156,0,0
BRDA:1753,156,1,0
BRDA:1761,157,0,0
BRDA:1761,157,1,0
BRDA:1762,158,0,0
BRDA:1762,158,1,0
BRDA:1766,159,0,0
BRDA:1766,159,1,0
BRDA:1767,160,0,0
BRDA:1767,160,1,0
BRDA:1768,161,0,0
BRDA:1768,161,1,0
BRDA:1782,162,0,0
BRDA:1782,162,1,0
BRDA:1782,163,0,0
BRDA:1782,163,1,0
BRDA:1782,164,0,0
BRDA:1782,164,1,0
BRDA:1787,165,0,0
BRDA:1787,165,1,0
BRDA:1787,166,0,0
BRDA:1787,166,1,0
BRDA:1787,167,0,0
BRDA:1787,167,1,0
BRDA:1803,168,0,0
BRDA:1803,168,1,0
BRDA:1804,169,0,0
BRDA:1804,169,1,0
BRDA:1805,170,0,0
BRDA:1805,170,1,0
BRDA:1892,171,0,0
BRDA:1840,172,0,0
BRDA:1840,172,1,0
BRDA:1840,173,0,0
BRDA:1840,173,1,0
BRDA:1906,174,0,0
BRDA:1906,174,1,0
BRDA:1906,175,0,0
BRDA:1906,175,1,0
BRDA:1943,176,0,0
BRDA:1943,176,1,0
BRDA:1999,177,0,0
BRDA:1999,177,1,0
BRDA:2010,178,0,0
BRDA:2010,178,1,0
BRDA:2022,179,0,0
BRDA:2022,179,1,0
BRDA:2039,180,0,0
BRDA:2039,180,1,0
BRDA:2059,181,0,0
BRDA:2059,181,1,0
BRDA:2070,182,0,0
BRDA:2070,182,1,0
BRDA:2070,183,0,0
BRDA:2070,183,1,0
BRDA:2074,184,0,0
BRDA:2074,184,1,0
BRDA:2074,185,0,0
BRDA:2074,185,1,0
BRDA:2074,185,2,0
BRDA:2076,186,0,0
BRDA:2076,186,1,0
BRDA:2090,187,0,0
BRDA:2090,187,1,0
BRDA:2090,188,0,0
BRDA:2090,188,1,0
BRDA:2090,188,2,0
BRDA:2097,189,0,0
BRDA:2097,189,1,0
BRDA:2097,190,0,0
BRDA:2097,190,1,0
BRDA:2097,190,2,0
BRDA:2115,191,0,0
BRDA:2115,191,1,0
BRDA:2128,192,0,0
BRDA:2128,192,1,0
BRDA:2137,193,0,0
BRDA:2137,193,1,0
BRDA:2158,194,0,0
BRDA:2158,194,1,0
BRDA:2172,195,0,0
BRDA:2172,195,1,0
BRDA:2172,196,0,0
BRDA:2172,196,1,0
BRDA:2172,196,2,0
BRDA:2172,196,3,0
BRDA:2192,197,0,0
BRDA:2192,197,1,0
BRDA:2223,198,0,0
BRDA:2223,198,1,0
BRDA:2257,199,0,0
BRDA:2257,199,1,0
BRDA:2332,200,0,0
BRDA:2332,200,1,0
BRDA:2366,201,0,0
BRDA:2366,201,1,0
BRDA:2405,202,0,0
BRDA:2405,202,1,0
BRDA:2420,203,0,0
BRDA:2420,203,1,0
BRDA:2454,204,0,0
BRDA:2454,204,1,0
BRDA:2443,205,0,0
BRDA:2443,205,1,0
BRDA:2446,206,0,0
BRDA:2446,206,1,0
BRDA:2484,207,0,0
BRDA:2484,207,1,0
BRDA:2484,208,0,0
BRDA:2484,208,1,0
BRDA:2521,209,0,0
BRDA:2521,209,1,0
BRDA:2530,210,0,0
BRDA:2530,210,1,0
BRDA:2551,211,0,0
BRDA:2551,211,1,0
BRDA:2565,212,0,0
BRDA:2565,212,1,0
BRDA:2565,213,0,0
BRDA:2565,213,1,0
BRDA:2565,213,2,0
BRDA:2565,213,3,0
BRDA:2585,214,0,0
BRDA:2585,214,1,0
BRF:440
BRH:4
end_of_record
TN:
SF:src\hooks\useFocusTrap.ts
FN:14,useFocusTrap
FN:37,(anonymous_1)
FN:46,(anonymous_2)
FN:86,(anonymous_3)
FN:98,(anonymous_4)
FN:117,(anonymous_5)
FN:123,(anonymous_6)
FN:129,(anonymous_7)
FN:131,(anonymous_8)
FN:136,(anonymous_9)
FN:141,(anonymous_10)
FN:150,(anonymous_11)
FNF:12
FNH:0
FNDA:0,useFocusTrap
FNDA:0,(anonymous_1)
FNDA:0,(anonymous_2)
FNDA:0,(anonymous_3)
FNDA:0,(anonymous_4)
FNDA:0,(anonymous_5)
FNDA:0,(anonymous_6)
FNDA:0,(anonymous_7)
FNDA:0,(anonymous_8)
FNDA:0,(anonymous_9)
FNDA:0,(anonymous_10)
FNDA:0,(anonymous_11)
DA:3,0
DA:14,0
DA:15,0
DA:16,0
DA:17,0
DA:18,0
DA:19,0
DA:20,0
DA:22,0
DA:23,0
DA:26,0
DA:37,0
DA:38,0
DA:39,0
DA:45,0
DA:47,0
DA:49,0
DA:50,0
DA:52,0
DA:54,0
DA:55,0
DA:58,0
DA:59,0
DA:60,0
DA:61,0
DA:65,0
DA:66,0
DA:68,0
DA:69,0
DA:70,0
DA:74,0
DA:75,0
DA:76,0
DA:85,0
DA:87,0
DA:89,0
DA:90,0
DA:91,0
DA:98,0
DA:99,0
DA:102,0
DA:105,0
DA:106,0
DA:108,0
DA:109,0
DA:112,0
DA:113,0
DA:117,0
DA:118,0
DA:119,0
DA:123,0
DA:124,0
DA:129,0
DA:130,0
DA:131,0
DA:132,0
DA:133,0
DA:136,0
DA:141,0
DA:142,0
DA:144,0
DA:146,0
DA:147,0
DA:150,0
DA:151,0
DA:152,0
DA:156,0
LF:67
LH:0
BRDA:16,0,0,0
BRDA:16,0,1,0
BRDA:17,1,0,0
BRDA:17,1,1,0
BRDA:20,2,0,0
BRDA:20,2,1,0
BRDA:38,3,0,0
BRDA:38,3,1,0
BRDA:47,4,0,0
BRDA:47,4,1,0
BRDA:47,5,0,0
BRDA:47,5,1,0
BRDA:52,6,0,0
BRDA:52,6,1,0
BRDA:58,7,0,0
BRDA:58,7,1,0
BRDA:58,8,0,0
BRDA:58,8,1,0
BRDA:58,8,2,0
BRDA:65,9,0,0
BRDA:65,9,1,0
BRDA:66,10,0,0
BRDA:66,10,1,0
BRDA:68,11,0,0
BRDA:68,11,1,0
BRDA:74,12,0,0
BRDA:74,12,1,0
BRDA:87,13,0,0
BRDA:87,13,1,0
BRDA:87,14,0,0
BRDA:87,14,1,0
BRDA:87,14,2,0
BRDA:90,15,0,0
BRDA:90,15,1,0
BRDA:90,16,0,0
BRDA:90,16,1,0
BRDA:99,17,0,0
BRDA:99,17,1,0
BRDA:108,18,0,0
BRDA:108,18,1,0
BRDA:108,19,0,0
BRDA:108,19,1,0
BRDA:112,20,0,0
BRDA:112,20,1,0
BRDA:112,21,0,0
BRDA:112,21,1,0
BRDA:118,22,0,0
BRDA:118,22,1,0
BRDA:130,23,0,0
BRDA:130,23,1,0
BRDA:130,24,0,0
BRDA:130,24,1,0
BRDA:132,25,0,0
BRDA:132,25,1,0
BRDA:132,26,0,0
BRDA:132,26,1,0
BRDA:142,27,0,0
BRDA:142,27,1,0
BRDA:146,28,0,0
BRDA:146,28,1,0
BRF:60
BRH:0
end_of_record
TN:
SF:src\hooks\useInvites.ts
FN:29,useCoachInvites
FN:35,(anonymous_26)
FN:49,(anonymous_27)
FN:50,(anonymous_28)
FN:62,(anonymous_29)
FN:69,(anonymous_30)
FN:73,(anonymous_31)
FN:73,(anonymous_32)
FN:79,(anonymous_34)
FN:123,(anonymous_35)
FN:123,(anonymous_36)
FN:153,useInviteClaim
FN:156,(anonymous_39)
FN:159,(anonymous_40)
FNF:14
FNH:0
FNDA:0,useCoachInvites
FNDA:0,(anonymous_26)
FNDA:0,(anonymous_27)
FNDA:0,(anonymous_28)
FNDA:0,(anonymous_29)
FNDA:0,(anonymous_30)
FNDA:0,(anonymous_31)
FNDA:0,(anonymous_32)
FNDA:0,(anonymous_34)
FNDA:0,(anonymous_35)
FNDA:0,(anonymous_36)
FNDA:0,useInviteClaim
FNDA:0,(anonymous_39)
FNDA:0,(anonymous_40)
DA:3,0
DA:4,0
DA:16,0
DA:18,0
DA:23,0
DA:24,0
DA:29,0
DA:30,0
DA:31,0
DA:32,0
DA:35,0
DA:36,0
DA:37,0
DA:38,0
DA:41,0
DA:47,0
DA:50,0
DA:59,0
DA:60,0
DA:64,0
DA:65,0
DA:69,0
DA:73,0
DA:74,0
DA:76,0
DA:79,0
DA:80,0
DA:81,0
DA:84,0
DA:85,0
DA:86,0
DA:89,0
DA:90,0
DA:92,0
DA:101,0
DA:104,0
DA:110,0
DA:111,0
DA:113,0
DA:114,0
DA:115,0
DA:116,0
DA:118,0
DA:123,0
DA:125,0
DA:126,0
DA:131,0
DA:132,0
DA:134,0
DA:135,0
DA:136,0
DA:137,0
DA:141,0
DA:153,0
DA:154,0
DA:156,0
DA:158,0
DA:160,0
DA:161,0
DA:162,0
DA:165,0
DA:167,0
DA:168,0
DA:170,0
DA:171,0
DA:172,0
DA:175,0
DA:178,0
DA:179,0
DA:180,0
DA:181,0
DA:182,0
DA:184,0
DA:188,0
DA:189,0
DA:190,0
DA:194,0
DA:195,0
DA:196,0
DA:200,0
DA:207,0
DA:208,0
DA:214,0
DA:220,0
DA:223,0
DA:225,0
DA:226,0
DA:227,0
DA:228,0
DA:230,0
DA:234,0
LF:91
LH:0
BRDA:36,0,0,0
BRDA:36,0,1,0
BRDA:53,1,0,0
BRDA:53,1,1,0
BRDA:53,2,0,0
BRDA:53,2,1,0
BRDA:54,3,0,0
BRDA:54,3,1,0
BRDA:54,4,0,0
BRDA:54,4,1,0
BRDA:55,5,0,0
BRDA:55,5,1,0
BRDA:55,6,0,0
BRDA:55,6,1,0
BRDA:56,7,0,0
BRDA:56,7,1,0
BRDA:56,8,0,0
BRDA:56,8,1,0
BRDA:74,9,0,0
BRDA:74,9,1,0
BRDA:84,10,0,0
BRDA:84,10,1,0
BRDA:160,11,0,0
BRDA:160,11,1,0
BRDA:170,12,0,0
BRDA:170,12,1,0
BRDA:178,13,0,0
BRDA:178,13,1,0
BRDA:179,14,0,0
BRDA:179,14,1,0
BRDA:181,15,0,0
BRDA:181,15,1,0
BRDA:188,16,0,0
BRDA:188,16,1,0
BRDA:194,17,0,0
BRDA:194,17,1,0
BRF:36
BRH:0
end_of_record
TN:
SF:src\hooks\useNotifications.ts
FN:72,useNotifications
FN:87,(anonymous_17)
FN:88,(anonymous_18)
FN:139,(anonymous_21)
FN:140,(anonymous_22)
FN:362,(anonymous_25)
FN:364,(anonymous_26)
FN:384,(anonymous_27)
FN:386,(anonymous_28)
FN:564,(anonymous_29)
FN:593,(anonymous_30)
FN:602,(anonymous_31)
FN:603,(anonymous_32)
FN:626,(anonymous_35)
FN:626,(anonymous_36)
FN:651,(anonymous_38)
FN:680,(anonymous_39)
FN:680,(anonymous_40)
FN:694,(anonymous_42)
FN:694,(anonymous_43)
FN:726,(anonymous_45)
FN:726,(anonymous_46)
FN:752,(anonymous_48)
FN:752,(anonymous_49)
FN:790,(anonymous_51)
FN:820,(anonymous_52)
FN:820,(anonymous_53)
FN:825,(anonymous_55)
FN:833,(anonymous_56)
FN:833,(anonymous_57)
FN:838,(anonymous_59)
FN:849,(anonymous_60)
FN:849,(anonymous_61)
FN:863,(anonymous_63)
FN:883,(anonymous_64)
FNF:35
FNH:0
FNDA:0,useNotifications
FNDA:0,(anonymous_17)
FNDA:0,(anonymous_18)
FNDA:0,(anonymous_21)
FNDA:0,(anonymous_22)
FNDA:0,(anonymous_25)
FNDA:0,(anonymous_26)
FNDA:0,(anonymous_27)
FNDA:0,(anonymous_28)
FNDA:0,(anonymous_29)
FNDA:0,(anonymous_30)
FNDA:0,(anonymous_31)
FNDA:0,(anonymous_32)
FNDA:0,(anonymous_35)
FNDA:0,(anonymous_36)
FNDA:0,(anonymous_38)
FNDA:0,(anonymous_39)
FNDA:0,(anonymous_40)
FNDA:0,(anonymous_42)
FNDA:0,(anonymous_43)
FNDA:0,(anonymous_45)
FNDA:0,(anonymous_46)
FNDA:0,(anonymous_48)
FNDA:0,(anonymous_49)
FNDA:0,(anonymous_51)
FNDA:0,(anonymous_52)
FNDA:0,(anonymous_53)
FNDA:0,(anonymous_55)
FNDA:0,(anonymous_56)
FNDA:0,(anonymous_57)
FNDA:0,(anonymous_59)
FNDA:0,(anonymous_60)
FNDA:0,(anonymous_61)
FNDA:0,(anonymous_63)
FNDA:0,(anonymous_64)
DA:3,0
DA:4,0
DA:5,0
DA:6,0
DA:14,0
DA:15,0
DA:16,0
DA:28,0
DA:29,0
DA:32,0
DA:72,0
DA:73,0
DA:74,0
DA:77,0
DA:78,0
DA:79,0
DA:80,0
DA:81,0
DA:82,0
DA:83,0
DA:84,0
DA:87,0
DA:88,0
DA:89,0
DA:93,0
DA:94,0
DA:98,0
DA:100,0
DA:103,0
DA:115,0
DA:117,0
DA:118,0
DA:119,0
DA:126,0
DA:131,0
DA:135,0
DA:139,0
DA:140,0
DA:142,0
DA:144,0
DA:146,0
DA:160,0
DA:161,0
DA:168,0
DA:174,0
DA:175,0
DA:176,0
DA:177,0
DA:182,0
DA:187,0
DA:193,0
DA:194,0
DA:199,0
DA:200,0
DA:204,0
DA:209,0
DA:216,0
DA:217,0
DA:221,0
DA:227,0
DA:230,0
DA:231,0
DA:239,0
DA:245,0
DA:250,0
DA:255,0
DA:256,0
DA:260,0
DA:261,0
DA:265,0
DA:266,0
DA:271,0
DA:275,0
DA:279,0
DA:286,0
DA:290,0
DA:299,0
DA:308,0
DA:310,0
DA:312,0
DA:318,0
DA:327,0
DA:329,0
DA:333,0
DA:341,0
DA:345,0
DA:346,0
DA:347,0
DA:350,0
DA:357,0
DA:362,0
DA:363,0
DA:364,0
DA:369,0
DA:380,0
DA:384,0
DA:385,0
DA:386,0
DA:391,0
DA:401,0
DA:408,0
DA:410,0
DA:417,0
DA:426,0
DA:427,0
DA:437,0
DA:438,0
DA:440,0
DA:452,0
DA:457,0
DA:470,0
DA:473,0
DA:478,0
DA:482,0
DA:492,0
DA:493,0
DA:497,0
DA:500,0
DA:512,0
DA:518,0
DA:519,0
DA:520,0
DA:521,0
DA:526,0
DA:530,0
DA:531,0
DA:532,0
DA:533,0
DA:535,0
DA:536,0
DA:539,0
DA:542,0
DA:543,0
DA:546,0
DA:564,0
DA:565,0
DA:570,0
DA:573,0
DA:574,0
DA:578,0
DA:584,0
DA:591,0
DA:593,0
DA:594,0
DA:595,0
DA:602,0
DA:603,0
DA:604,0
DA:607,0
DA:610,0
DA:611,0
DA:614,0
DA:621,0
DA:625,0
DA:626,0
DA:627,0
DA:630,0
DA:643,0
DA:650,0
DA:653,0
DA:655,0
DA:658,0
DA:664,0
DA:679,0
DA:680,0
DA:681,0
DA:684,0
DA:686,0
DA:694,0
DA:695,0
DA:696,0
DA:702,0
DA:703,0
DA:705,0
DA:707,0
DA:711,0
DA:712,0
DA:713,0
DA:717,0
DA:719,0
DA:720,0
DA:725,0
DA:726,0
DA:727,0
DA:730,0
DA:731,0
DA:733,0
DA:738,0
DA:740,0
DA:744,0
DA:751,0
DA:752,0
DA:753,0
DA:754,0
DA:758,0
DA:759,0
DA:771,0
DA:772,0
DA:773,0
DA:774,0
DA:777,0
DA:781,0
DA:782,0
DA:787,0
DA:790,0
DA:791,0
DA:792,0
DA:793,0
DA:795,0
DA:799,0
DA:810,0
DA:811,0
DA:819,0
DA:820,0
DA:821,0
DA:822,0
DA:825,0
DA:826,0
DA:833,0
DA:835,0
DA:836,0
DA:837,0
DA:838,0
DA:841,0
DA:849,0
DA:852,0
DA:855,0
DA:862,0
DA:863,0
DA:872,0
DA:874,0
DA:878,0
DA:883,0
DA:884,0
DA:886,0
DA:889,0
DA:891,0
DA:892,0
DA:896,0
LF:239
LH:0
BRDA:89,0,0,0
BRDA:89,0,1,0
BRDA:95,1,0,0
BRDA:95,1,1,0
BRDA:101,2,0,0
BRDA:101,2,1,0
BRDA:112,3,0,0
BRDA:112,3,1,0
BRDA:117,4,0,0
BRDA:117,4,1,0
BRDA:129,5,0,0
BRDA:129,5,1,0
BRDA:216,6,0,0
BRDA:216,6,1,0
BRDA:143,7,0,0
BRDA:143,7,1,0
BRDA:144,8,0,0
BRDA:144,8,1,0
BRDA:149,9,0,0
BRDA:149,9,1,0
BRDA:150,10,0,0
BRDA:150,10,1,0
BRDA:150,11,0,0
BRDA:150,11,1,0
BRDA:150,12,0,0
BRDA:150,12,1,0
BRDA:154,13,0,0
BRDA:154,13,1,0
BRDA:157,14,0,0
BRDA:157,14,1,0
BRDA:160,15,0,0
BRDA:160,15,1,0
BRDA:160,16,0,0
BRDA:160,16,1,0
BRDA:164,17,0,0
BRDA:164,17,1,0
BRDA:165,18,0,0
BRDA:165,18,1,0
BRDA:175,19,0,0
BRDA:175,19,1,0
BRDA:193,20,0,0
BRDA:193,20,1,0
BRDA:221,21,0,0
BRDA:221,21,1,0
BRDA:230,22,0,0
BRDA:230,22,1,0
BRDA:230,23,0,0
BRDA:230,23,1,0
BRDA:235,24,0,0
BRDA:235,24,1,0
BRDA:235,25,0,0
BRDA:235,25,1,0
BRDA:235,26,0,0
BRDA:235,26,1,0
BRDA:255,27,0,0
BRDA:255,27,1,0
BRDA:265,28,0,0
BRDA:265,28,1,0
BRDA:281,29,0,0
BRDA:281,29,1,0
BRDA:293,30,0,0
BRDA:293,30,1,0
BRDA:293,31,0,0
BRDA:293,31,1,0
BRDA:294,32,0,0
BRDA:294,32,1,0
BRDA:294,33,0,0
BRDA:294,33,1,0
BRDA:295,34,0,0
BRDA:295,34,1,0
BRDA:295,35,0,0
BRDA:295,35,1,0
BRDA:295,36,0,0
BRDA:295,36,1,0
BRDA:295,37,0,0
BRDA:295,37,1,0
BRDA:303,38,0,0
BRDA:303,38,1,0
BRDA:303,39,0,0
BRDA:303,39,1,0
BRDA:304,40,0,0
BRDA:304,40,1,0
BRDA:304,41,0,0
BRDA:304,41,1,0
BRDA:310,42,0,0
BRDA:310,42,1,0
BRDA:329,43,0,0
BRDA:329,43,1,0
BRDA:341,44,0,0
BRDA:341,44,1,0
BRDA:346,45,0,0
BRDA:346,45,1,0
BRDA:411,46,0,0
BRDA:411,46,1,0
BRDA:426,47,0,0
BRDA:426,47,1,0
BRDA:426,48,0,0
BRDA:426,48,1,0
BRDA:462,49,0,0
BRDA:462,49,1,0
BRDA:478,50,0,0
BRDA:478,50,1,0
BRDA:479,51,0,0
BRDA:479,51,1,0
BRDA:507,52,0,0
BRDA:507,52,1,0
BRDA:518,53,0,0
BRDA:518,53,1,0
BRDA:531,54,0,0
BRDA:531,54,1,0
BRDA:533,55,0,0
BRDA:533,55,1,0
BRDA:533,56,0,0
BRDA:533,56,1,0
BRDA:537,57,0,0
BRDA:537,57,1,0
BRDA:537,57,2,0
BRDA:539,58,0,0
BRDA:539,58,1,0
BRDA:542,59,0,0
BRDA:542,59,1,0
BRDA:548,60,0,0
BRDA:548,60,1,0
BRDA:552,61,0,0
BRDA:552,61,1,0
BRDA:552,62,0,0
BRDA:552,62,1,0
BRDA:552,63,0,0
BRDA:552,63,1,0
BRDA:594,64,0,0
BRDA:594,64,1,0
BRDA:604,65,0,0
BRDA:604,65,1,0
BRDA:610,66,0,0
BRDA:610,66,1,0
BRDA:627,67,0,0
BRDA:627,67,1,0
BRDA:658,68,0,0
BRDA:658,68,1,0
BRDA:658,69,0,0
BRDA:658,69,1,0
BRDA:658,70,0,0
BRDA:658,70,1,0
BRDA:665,71,0,0
BRDA:665,71,1,0
BRDA:665,72,0,0
BRDA:665,72,1,0
BRDA:665,73,0,0
BRDA:665,73,1,0
BRDA:666,74,0,0
BRDA:666,74,1,0
BRDA:666,75,0,0
BRDA:666,75,1,0
BRDA:666,76,0,0
BRDA:666,76,1,0
BRDA:667,77,0,0
BRDA:667,77,1,0
BRDA:667,78,0,0
BRDA:667,78,1,0
BRDA:667,79,0,0
BRDA:667,79,1,0
BRDA:668,80,0,0
BRDA:668,80,1,0
BRDA:668,81,0,0
BRDA:668,81,1,0
BRDA:668,82,0,0
BRDA:668,82,1,0
BRDA:681,83,0,0
BRDA:681,83,1,0
BRDA:717,84,0,0
BRDA:695,85,0,0
BRDA:695,85,1,0
BRDA:705,86,0,0
BRDA:705,86,1,0
BRDA:705,87,0,0
BRDA:705,87,1,0
BRDA:711,88,0,0
BRDA:711,88,1,0
BRDA:727,89,0,0
BRDA:727,89,1,0
BRDA:753,90,0,0
BRDA:753,90,1,0
BRDA:753,91,0,0
BRDA:753,91,1,0
BRDA:761,92,0,0
BRDA:761,92,1,0
BRDA:762,93,0,0
BRDA:762,93,1,0
BRDA:763,94,0,0
BRDA:763,94,1,0
BRDA:764,95,0,0
BRDA:764,95,1,0
BRDA:766,96,0,0
BRDA:766,96,1,0
BRDA:767,97,0,0
BRDA:767,97,1,0
BRDA:771,98,0,0
BRDA:771,98,1,0
BRDA:781,99,0,0
BRDA:781,99,1,0
BRDA:781,100,0,0
BRDA:781,100,1,0
BRDA:792,101,0,0
BRDA:792,101,1,0
BRDA:800,102,0,0
BRDA:800,102,1,0
BRDA:800,103,0,0
BRDA:800,103,1,0
BRDA:800,104,0,0
BRDA:800,104,1,0
BRDA:821,105,0,0
BRDA:821,105,1,0
BRDA:836,106,0,0
BRDA:836,106,1,0
BRDA:852,107,0,0
BRDA:852,107,1,0
BRDA:866,108,0,0
BRDA:866,108,1,0
BRDA:866,109,0,0
BRDA:866,109,1,0
BRDA:866,110,0,0
BRDA:866,110,1,0
BRDA:867,111,0,0
BRDA:867,111,1,0
BRDA:867,112,0,0
BRDA:867,112,1,0
BRDA:868,113,0,0
BRDA:868,113,1,0
BRDA:868,114,0,0
BRDA:868,114,1,0
BRDA:869,115,0,0
BRDA:869,115,1,0
BRDA:869,116,0,0
BRDA:869,116,1,0
BRDA:884,117,0,0
BRDA:884,117,1,0
BRF:236
BRH:0
end_of_record
TN:
SF:src\hooks\useNutritionImport.ts
FN:29,useNutritionImport
FN:36,(anonymous_17)
FN:36,(anonymous_18)
FN:53,(anonymous_20)
FN:88,(anonymous_23)
FN:201,(anonymous_24)
FNF:6
FNH:0
FNDA:0,useNutritionImport
FNDA:0,(anonymous_17)
FNDA:0,(anonymous_18)
FNDA:0,(anonymous_20)
FNDA:0,(anonymous_23)
FNDA:0,(anonymous_24)
DA:8,0
DA:9,0
DA:15,0
DA:16,0
DA:17,0
DA:29,0
DA:30,0
DA:31,0
DA:32,0
DA:33,0
DA:35,0
DA:36,0
DA:37,0
DA:38,0
DA:41,0
DA:42,0
DA:43,0
DA:46,0
DA:53,0
DA:54,0
DA:63,0
DA:64,0
DA:67,0
DA:70,0
DA:71,0
DA:72,0
DA:73,0
DA:76,0
DA:77,0
DA:79,0
DA:80,0
DA:81,0
DA:83,0
DA:88,0
DA:89,0
DA:90,0
DA:91,0
DA:100,0
DA:101,0
DA:103,0
DA:107,0
DA:119,0
DA:120,0
DA:124,0
DA:128,0
DA:137,0
DA:138,0
DA:142,0
DA:150,0
DA:152,0
DA:153,0
DA:158,0
DA:160,0
DA:164,0
DA:167,0
DA:169,0
DA:171,0
DA:187,0
DA:188,0
DA:192,0
DA:194,0
DA:195,0
DA:201,0
DA:202,0
DA:203,0
DA:204,0
DA:207,0
LF:67
LH:0
BRDA:37,0,0,0
BRDA:37,0,1,0
BRDA:55,1,0,0
BRDA:55,1,1,0
BRDA:55,1,2,0
BRDA:55,1,3,0
BRDA:55,1,4,0
BRDA:63,2,0,0
BRDA:63,2,1,0
BRDA:111,3,0,0
BRDA:111,3,1,0
BRDA:131,4,0,0
BRDA:131,4,1,0
BRDA:79,5,0,0
BRDA:79,5,1,0
BRDA:152,6,0,0
BRDA:152,6,1,0
BRDA:179,7,0,0
BRDA:179,7,1,0
BRDA:189,8,0,0
BRDA:189,8,1,0
BRF:21
BRH:0
end_of_record
TN:
SF:src\hooks\usePWA.ts
FN:14,usePWA
FN:22,(anonymous_14)
FN:32,(anonymous_15)
FN:33,(anonymous_16)
FN:36,(anonymous_17)
FN:43,(anonymous_18)
FN:51,(anonymous_19)
FN:61,(anonymous_20)
FN:72,(anonymous_21)
FN:90,(anonymous_24)
FNF:10
FNH:0
FNDA:0,usePWA
FNDA:0,(anonymous_14)
FNDA:0,(anonymous_15)
FNDA:0,(anonymous_16)
FNDA:0,(anonymous_17)
FNDA:0,(anonymous_18)
FNDA:0,(anonymous_19)
FNDA:0,(anonymous_20)
FNDA:0,(anonymous_21)
FNDA:0,(anonymous_24)
DA:3,0
DA:14,0
DA:15,0
DA:16,0
DA:17,0
DA:18,0
DA:19,0
DA:20,0
DA:22,0
DA:24,0
DA:25,0
DA:29,0
DA:32,0
DA:33,0
DA:36,0
DA:37,0
DA:38,0
DA:39,0
DA:43,0
DA:44,0
DA:45,0
DA:46,0
DA:50,0
DA:51,0
DA:52,0
DA:56,0
DA:57,0
DA:58,0
DA:59,0
DA:61,0
DA:62,0
DA:66,0
DA:67,0
DA:68,0
DA:72,0
DA:73,0
DA:76,0
DA:77,0
DA:79,0
DA:80,0
DA:81,0
DA:84,0
DA:86,0
DA:90,0
DA:91,0
DA:93,0
DA:94,0
DA:95,0
DA:96,0
DA:99,0
DA:107,0
LF:51
LH:0
BRDA:24,0,0,0
BRDA:24,0,1,0
BRDA:50,1,0,0
BRDA:50,1,1,0
BRDA:73,2,0,0
BRDA:73,2,1,0
BRDA:79,3,0,0
BRDA:79,3,1,0
BRDA:91,4,0,0
BRDA:91,4,1,0
BRDA:94,5,0,0
BRDA:94,5,1,0
BRDA:94,6,0,0
BRDA:94,6,1,0
BRF:14
BRH:0
end_of_record
TN:
SF:src\hooks\useQuickActions.ts
FN:14,useQuickActions
FN:24,(anonymous_2)
FN:76,(anonymous_3)
FN:157,(anonymous_4)
FN:161,(anonymous_5)
FN:165,(anonymous_6)
FNF:6
FNH:0
FNDA:0,useQuickActions
FNDA:0,(anonymous_2)
FNDA:0,(anonymous_3)
FNDA:0,(anonymous_4)
FNDA:0,(anonymous_5)
FNDA:0,(anonymous_6)
DA:3,0
DA:4,0
DA:5,0
DA:6,0
DA:14,0
DA:15,0
DA:16,0
DA:17,0
DA:18,0
DA:19,0
DA:20,0
DA:21,0
DA:22,0
DA:24,0
DA:25,0
DA:26,0
DA:28,0
DA:30,0
DA:32,0
DA:38,0
DA:40,0
DA:46,0
DA:48,0
DA:54,0
DA:56,0
DA:62,0
DA:64,0
DA:72,0
DA:75,0
DA:79,0
DA:82,0
DA:83,0
DA:86,0
DA:87,0
DA:90,0
DA:91,0
DA:94,0
DA:95,0
DA:99,0
DA:100,0
DA:103,0
DA:104,0
DA:106,0
DA:107,0
DA:110,0
DA:111,0
DA:115,0
DA:116,0
DA:118,0
DA:119,0
DA:122,0
DA:123,0
DA:127,0
DA:128,0
DA:131,0
DA:132,0
DA:136,0
DA:137,0
DA:139,0
DA:140,0
DA:142,0
DA:143,0
DA:145,0
DA:146,0
DA:149,0
DA:152,0
DA:157,0
DA:158,0
DA:161,0
DA:162,0
DA:165,0
DA:166,0
DA:167,0
DA:168,0
DA:169,0
DA:170,0
DA:173,0
LF:77
LH:0
BRDA:25,0,0,0
BRDA:25,0,1,0
BRDA:26,1,0,0
BRDA:26,1,1,0
BRDA:26,2,0,0
BRDA:26,2,1,0
BRDA:26,3,0,0
BRDA:26,3,1,0
BRDA:30,4,0,0
BRDA:30,4,1,0
BRDA:30,4,2,0
BRDA:30,4,3,0
BRDA:30,4,4,0
BRDA:79,5,0,0
BRDA:79,5,1,0
BRDA:79,5,2,0
BRDA:79,5,3,0
BRDA:79,5,4,0
BRDA:79,5,5,0
BRDA:79,5,6,0
BRDA:79,5,7,0
BRDA:79,5,8,0
BRDA:79,5,9,0
BRDA:79,5,10,0
BRDA:79,5,11,0
BRDA:79,5,12,0
BRDA:79,5,13,0
BRDA:79,5,14,0
BRDA:79,5,15,0
BRDA:79,5,16,0
BRDA:79,5,17,0
BRF:31
BRH:0
end_of_record
